unsupported
sat
((O_INSTRUCTOR ((as const (Array Int INSTRUCTOR_TupleType))
  (INSTRUCTOR_TupleType
    _ID__ID_u19
    _NAME__NAME_u17
    _DEPT_uNAME__Physics
    40000.0))))
((O_DEPARTMENT ((as const (Array Int DEPARTMENT_TupleType))
  (DEPARTMENT_TupleType _DEPT_uNAME__Physics _BUILDING__BUILDING_u9 50000.0))))
((and (= (INSTRUCTOR_DEPT_NAME2 (select O_INSTRUCTOR 1 ) ) (DEPARTMENT_DEPT_NAME0 (select O_DEPARTMENT 1 ) ))
		)
 (NOTISNULL_NAME (INSTRUCTOR_NAME1 (select O_INSTRUCTOR 1) ))
 (getBUDGET (DEPARTMENT_BUDGET2 (select O_DEPARTMENT 1) ))
 (NOTISNULL_DEPT_NAME (DEPARTMENT_DEPT_NAME0 (select O_DEPARTMENT 1) ))
 (NOTISNULL_DEPT_NAME (INSTRUCTOR_DEPT_NAME2 (select O_INSTRUCTOR 1) ))
 (NOTISNULL_BUILDING (DEPARTMENT_BUILDING1 (select O_DEPARTMENT 1) ))
 (NOTISNULL_ID (INSTRUCTOR_ID0 (select O_INSTRUCTOR 1) ))
 (getSALARY (INSTRUCTOR_SALARY3 (select O_INSTRUCTOR 1) )))
()
(model 
  (define-fun O_DEPARTMENT () (Array Int DEPARTMENT_TupleType)
    ((as const (Array Int DEPARTMENT_TupleType))
  (DEPARTMENT_TupleType _DEPT_uNAME__Physics _BUILDING__BUILDING_u9 50000.0)))
  (define-fun O_INSTRUCTOR () (Array Int INSTRUCTOR_TupleType)
    ((as const (Array Int INSTRUCTOR_TupleType))
  (INSTRUCTOR_TupleType
    _ID__ID_u19
    _NAME__NAME_u17
    _DEPT_uNAME__Physics
    40000.0)))
  (define-fun notnull_NAME () NAME
    _NAME__Einstein)
  (define-fun notnull_BUILDING () BUILDING
    _BUILDING__Taylor)
  (define-fun null_NAME () NAME
    _NAME__Einstein)
  (define-fun null_BUILDING () BUILDING
    _BUILDING__Taylor)
  (define-fun null_BUDGET () Real
    0.0)
  (define-fun notnull_ID () ID
    _ID__10101)
  (define-fun null_ID () ID
    _ID__10101)
  (define-fun null_SALARY () Real
    0.0)
  (define-fun null_DEPT_NAME () DEPT_NAME
    _DEPT_uNAME__Finance)
  (define-fun notnull_DEPT_NAME () DEPT_NAME
    _DEPT_uNAME__Finance)
)
