#
# A fatal error has been detected by the Java Runtime Environment:
#
#  Internal Error (oopMapCache.cpp:111), pid=120268, tid=120292
#  Error: ShouldNotReachHere()
#
# JRE version: OpenJDK Runtime Environment (15.0.2+7) (build 15.0.2+7-27)
# Java VM: OpenJDK 64-Bit Server VM (15.0.2+7-27, mixed mode, tiered, compressed oops, g1 gc, linux-amd64)
# Problematic frame:
# V  [libjvm.so+0xb35a1b]  OopMapForCacheEntry::compute_map(Thread*) [clone .part.0]+0x8b
#
# Core dump will be written. Default location: Core dumps may be processed with "/usr/share/apport/apport %p %s %c %d %P %E" (or dumping to /home/pratyoy/workspace/XData-DataGen-43af6629214e90320235b9b375420cbd3e411cff/XData_old/core.120268)
#
# If you would like to submit a bug report, please visit:
#   https://bugreport.java.com/bugreport/crash.jsp
#

---------------  S U M M A R Y ------------

Command Line: -XX:+ShowCodeDetailsInExceptionMessages -agentlib:jdwp=transport=dt_socket,suspend=y,address=localhost:39107 -javaagent:/home/pratyoy/Downloads/eclipse/configuration/org.eclipse.osgi/216/0/.cp/lib/javaagent-shaded.jar -Dfile.encoding=UTF-8 test.RegressionTests

Host: AMD Ryzen 7 4800U with Radeon Graphics, 16 cores, 7G, Ubuntu 20.04.2 LTS
Time: Tue Jul 27 19:54:44 2021 IST elapsed time: 548.183308 seconds (0d 0h 9m 8s)

---------------  T H R E A D  ---------------

Current thread (0x00007f9a542efda0):  JavaThread "JDWP Transport Listener: dt_socket" daemon [_thread_in_vm, id=120292, stack(0x00007f9a2c40c000,0x00007f9a2c50d000)] _threads_hazard_ptr=0x00007f99ec024850

Stack: [0x00007f9a2c40c000,0x00007f9a2c50d000],  sp=0x00007f9a2c50b450,  free space=1021k
Native frames: (J=compiled Java code, A=aot compiled Java code, j=interpreted, Vv=VM code, C=native code)
V  [libjvm.so+0xb35a1b]  OopMapForCacheEntry::compute_map(Thread*) [clone .part.0]+0x8b
V  [libjvm.so+0xb3672b]  OopMapCacheEntry::fill(methodHandle const&, int)+0x1bb
V  [libjvm.so+0xb36c17]  OopMapCache::compute_one_oop_map(methodHandle const&, int, InterpreterOopMap*)+0x57
V  [libjvm.so+0xadce0e]  Method::mask_for(int, InterpreterOopMap*)+0xae
V  [libjvm.so+0xd52dc2]  interpretedVFrame::stack_data(bool) const+0x122
V  [libjvm.so+0x974874]  VM_GetOrSetLocal::check_slot_type_no_lvt(javaVFrame*)+0x44
V  [libjvm.so+0x9749a4]  VM_GetOrSetLocal::doit_prologue()+0xb4
V  [libjvm.so+0xd69b41]  VMThread::execute(VM_Operation*)+0x51
V  [libjvm.so+0x951561]  JvmtiEnv::GetLocalObject(JavaThread*, int, int, _jobject**)+0x91
V  [libjvm.so+0x904be1]  jvmti_GetLocalObject+0x251
C  [libjdwp.so+0x9e7f]  getValues+0x10f
C  [libjdwp.so+0x12df9]  debugLoop_run+0x2b9
C  [libjdwp.so+0x25c53]  attachThread+0x33
V  [libjvm.so+0x9732a7]  JvmtiAgentThread::call_start_function()+0x87
V  [libjvm.so+0xcf2d6e]  JavaThread::thread_main_inner()+0xde
V  [libjvm.so+0xcf7bdd]  Thread::call_run()+0xfd
V  [libjvm.so+0xb4ac87]  thread_native_entry(Thread*)+0xe7

Register to memory mapping:

RAX=0x00007f9a5a008000 points into unknown readable memory: 0x0000000000000058 | 58 00 00 00 00 00 00 00
RBX=0x00007f9a542efbe0 points into unknown readable memory: 0x0000000000000002 | 02 00 00 00 00 00 00 00
RCX=0x0000000000000008 is an unknown value
RDX=0x0 is NULL
RSP=0x00007f9a2c50b450 is pointing into the stack for thread: 0x00007f9a542efda0
RBP=0x00007f9a2c50b4a0 is pointing into the stack for thread: 0x00007f9a542efda0
RSI=0x000000000000006f is an unknown value
RDI=0x00007f9a59a3ba60: <offset 0x0000000000e5da60> in /home/pratyoy/Downloads/eclipse/plugins/org.eclipse.justj.openjdk.hotspot.jre.full.linux.x86_64_15.0.2.v20210201-0955/jre/lib/server/libjvm.so at 0x00007f9a58bde000
R8 =0x0 is NULL
R9 =0x00007f9a2c50b440 is pointing into the stack for thread: 0x00007f9a542efda0
R10=0x0 is NULL
R11=0x0 is NULL
R12=0x00007f9a00130c10 points into unknown readable memory: 0x0000000000000000 | 00 00 00 00 00 00 00 00
R13=0x00007f9a00138bf8 points into unknown readable memory: 0x0000000000000115 | 15 01 00 00 00 00 00 00
R14=0x00007f9a2c50b510 is pointing into the stack for thread: 0x00007f9a542efda0
R15=0x00007f9a542efda0 is a thread


Registers:
RAX=0x00007f9a5a008000, RBX=0x00007f9a542efbe0, RCX=0x0000000000000008, RDX=0x0000000000000000
RSP=0x00007f9a2c50b450, RBP=0x00007f9a2c50b4a0, RSI=0x000000000000006f, RDI=0x00007f9a59a3ba60
R8 =0x0000000000000000, R9 =0x00007f9a2c50b440, R10=0x0000000000000000, R11=0x0000000000000000
R12=0x00007f9a00130c10, R13=0x00007f9a00138bf8, R14=0x00007f9a2c50b510, R15=0x00007f9a542efda0
RIP=0x00007f9a59713a1b, EFLAGS=0x0000000000010246, CSGSFS=0x002b000000000033, ERR=0x0000000000000006
  TRAPNO=0x000000000000000e

Top of Stack: (sp=0x00007f9a2c50b450)
0x00007f9a2c50b450:   000000000000144c 0000000093019858
0x00007f9a2c50b460:   00000000000083b0 00007f9a00131e90
0x00007f9a2c50b470:   00007f99f000e0a0 0000000000000000
0x00007f9a2c50b480:   00007f99f000e0a0 00007f9a2c50b640 

Instructions: (pc=0x00007f9a59713a1b)
0x00007f9a5971391b:   51 ff ff ff e9 71 ff ff ff 0f 1f 40 00 48 8b 73
0x00007f9a5971392b:   18 48 85 f6 74 98 48 89 df e8 87 9f bc ff 4c 89
0x00007f9a5971393b:   63 18 5b 41 5c 5d c3 66 66 66 66 66 2e 0f 1f 84
0x00007f9a5971394b:   00 00 00 00 00 31 c0 c3 90 66 66 2e 0f 1f 84 00
0x00007f9a5971395b:   00 00 00 00 90 c3 90 66 66 2e 0f 1f 84 00 00 00
0x00007f9a5971396b:   00 00 0f 1f 00 c3 90 66 66 2e 0f 1f 84 00 00 00
0x00007f9a5971397b:   00 00 0f 1f 00 c3 90 66 66 2e 0f 1f 84 00 00 00
0x00007f9a5971398b:   00 00 0f 1f 00 55 48 89 e5 41 57 49 89 f7 41 56
0x00007f9a5971399b:   49 89 fe 41 55 41 54 53 48 83 ec 28 66 48 8d 3d
0x00007f9a597139ab:   91 bb 5a 00 66 66 48 e8 a9 c0 6c ff 4c 89 fe 4c
0x00007f9a597139bb:   89 f7 48 8b 00 48 8b 98 90 02 00 00 48 8b 43 18
0x00007f9a597139cb:   4c 8b 63 10 4c 8b 6b 20 48 89 45 c8 48 8b 43 28
0x00007f9a597139db:   48 89 45 c0 e8 2c ff ba ff 4d 8b 57 08 4d 85 d2
0x00007f9a597139eb:   4c 89 55 b8 74 37 4c 89 ff e8 87 20 ad ff 4c 8b
0x00007f9a597139fb:   55 b8 4c 89 d7 e8 fb c2 ff ff 48 8d 05 1c 03 5b
0x00007f9a59713a0b:   00 be 6f 00 00 00 48 8d 3d 48 80 32 00 48 8b 00
0x00007f9a59713a1b:   c6 00 58 e8 4d cf a2 ff e8 28 de 00 00 41 8b b6
0x00007f9a59713a2b:   b8 00 00 00 4c 89 f7 e8 49 f5 ba ff 49 83 3c 24
0x00007f9a59713a3b:   00 74 14 48 8b 75 c0 48 89 df e8 26 ce 80 ff 4c
0x00007f9a59713a4b:   89 e7 e8 7e bf 80 ff 66 49 0f 6e c4 4c 89 6b 20
0x00007f9a59713a5b:   0f 16 45 c8 0f 11 43 10 48 83 c4 28 5b 41 5c 41
0x00007f9a59713a6b:   5d 41 5e 41 5f 5d c3 66 66 2e 0f 1f 84 00 00 00
0x00007f9a59713a7b:   00 00 0f 1f 00 55 48 89 e5 41 55 41 89 d5 41 54
0x00007f9a59713a8b:   49 89 cc 53 48 89 fb 48 83 ec 08 e8 c5 8e ba ff
0x00007f9a59713a9b:   48 8d 05 5e 1c 52 00 44 89 ab b8 00 00 00 4c 89
0x00007f9a59713aab:   a3 b0 00 00 00 48 89 03 c7 83 bc 00 00 00 ff ff
0x00007f9a59713abb:   ff ff 48 83 c4 08 5b 41 5c 41 5d 5d c3 0f 1f 84
0x00007f9a59713acb:   00 00 00 00 00 48 8b 47 08 48 8b 40 08 66 83 78
0x00007f9a59713adb:   28 00 75 11 48 8b 87 b0 00 00 00 c7 40 0c 00 00
0x00007f9a59713aeb:   00 00 c3 66 90 e9 9b fe ff ff 90 66 2e 0f 1f 84
0x00007f9a59713afb:   00 00 00 00 00 48 8b 57 08 31 c0 f6 42 20 08 48
0x00007f9a59713b0b:   8b 52 08 0f 94 c0 0f b7 52 32 01 d0 03 87 bc 00 


Stack slot to memory mapping:
stack at sp + 0 slots: 0x000000000000144c is an unknown value
stack at sp + 1 slots: 0x0000000093019858 is an oop: java.lang.LinkageError 
{0x0000000093019858} - klass: 'java/lang/LinkageError'
stack at sp + 2 slots: 0x00000000000083b0 is an unknown value
stack at sp + 3 slots: 0x00007f9a00131e90 points into unknown readable memory: 0x0000000500000000 | 00 00 00 00 05 00 00 00
stack at sp + 4 slots: 0x00007f99f000e0a0 points into unknown readable memory: 0x00007f9a164a1fe0 | e0 1f 4a 16 9a 7f 00 00
stack at sp + 5 slots: 0x0 is NULL
stack at sp + 6 slots: 0x00007f99f000e0a0 points into unknown readable memory: 0x00007f9a164a1fe0 | e0 1f 4a 16 9a 7f 00 00
stack at sp + 7 slots: 0x00007f9a2c50b640 is pointing into the stack for thread: 0x00007f9a542efda0


---------------  P R O C E S S  ---------------

Threads class SMR info:
_java_thread_list=0x00007f99ec024850, length=13, elements={
0x00007f9a5402aac0, 0x00007f9a541daf00, 0x00007f9a541dcb20, 0x00007f9a541f36a0,
0x00007f9a541f4db0, 0x00007f9a541f66c0, 0x00007f9a541f7ef0, 0x00007f9a541f95f0,
0x00007f9a542a7fa0, 0x00007f9a542efda0, 0x00007f9a54306cf0, 0x00007f99f0000fa0,
0x00007f9a5445b4c0
}

Java Threads: ( => current thread )
  0x00007f9a5402aac0 JavaThread "main" [_thread_blocked, id=120275, stack(0x00007f9a5898e000,0x00007f9a58a8f000)]
  0x00007f9a541daf00 JavaThread "Reference Handler" daemon [_thread_blocked, id=120282, stack(0x00007f9a2cd15000,0x00007f9a2ce16000)]
  0x00007f9a541dcb20 JavaThread "Finalizer" daemon [_thread_blocked, id=120283, stack(0x00007f9a2cc14000,0x00007f9a2cd15000)]
  0x00007f9a541f36a0 JavaThread "Signal Dispatcher" daemon [_thread_blocked, id=120284, stack(0x00007f9a2cb13000,0x00007f9a2cc14000)]
  0x00007f9a541f4db0 JavaThread "Service Thread" daemon [_thread_blocked, id=120285, stack(0x00007f9a2ca12000,0x00007f9a2cb13000)]
  0x00007f9a541f66c0 JavaThread "C2 CompilerThread0" daemon [_thread_blocked, id=120286, stack(0x00007f9a2c911000,0x00007f9a2ca12000)]
  0x00007f9a541f7ef0 JavaThread "C1 CompilerThread0" daemon [_thread_blocked, id=120287, stack(0x00007f9a2c810000,0x00007f9a2c911000)]
  0x00007f9a541f95f0 JavaThread "Sweeper thread" daemon [_thread_blocked, id=120288, stack(0x00007f9a2c70f000,0x00007f9a2c810000)]
  0x00007f9a542a7fa0 JavaThread "Common-Cleaner" daemon [_thread_blocked, id=120289, stack(0x00007f9a2c60e000,0x00007f9a2c70f000)]
=>0x00007f9a542efda0 JavaThread "JDWP Transport Listener: dt_socket" daemon [_thread_in_vm, id=120292, stack(0x00007f9a2c40c000,0x00007f9a2c50d000)]
  0x00007f9a54306cf0 JavaThread "JDWP Event Helper Thread" daemon [_thread_blocked, id=120293, stack(0x00007f9a2c30b000,0x00007f9a2c40c000)]
  0x00007f99f0000fa0 JavaThread "JDWP Command Reader" daemon [_thread_in_native, id=120296, stack(0x00007f9a2c20a000,0x00007f9a2c30b000)]
  0x00007f9a5445b4c0 JavaThread "Notification Thread" daemon [_thread_blocked, id=120299, stack(0x00007f9a2c008000,0x00007f9a2c109000)]

Other Threads:
  0x00007f9a541c0d50 VMThread "VM Thread" [stack: 0x00007f9a2ce18000,0x00007f9a2cf18000] [id=120281]
  0x00007f9a541e3b60 WatcherThread [stack: 0x00007f9a16f20000,0x00007f9a17020000] [id=120300]
  0x00007f9a54069320 GCTaskThread "GC Thread#0" [stack: 0x00007f9a3c99a000,0x00007f9a3ca9a000] [id=120276]
  0x00007f9a24000fc0 GCTaskThread "GC Thread#1" [stack: 0x00007f9a16918000,0x00007f9a16a18000] [id=120304]
  0x00007f9a54079340 ConcurrentGCThread "G1 Main Marker" [stack: 0x00007f9a3c898000,0x00007f9a3c998000] [id=120277]
  0x00007f9a5407a5d0 ConcurrentGCThread "G1 Conc#0" [stack: 0x00007f9a3c796000,0x00007f9a3c896000] [id=120278]
  0x00007f9a54101330 ConcurrentGCThread "G1 Refine#0" [stack: 0x00007f9a2d8fa000,0x00007f9a2d9fa000] [id=120279]
  0x00007f9a54102540 ConcurrentGCThread "G1 Young RemSet Sampling" [stack: 0x00007f9a2d7f8000,0x00007f9a2d8f8000] [id=120280]

Threads with active compile tasks:

VM state: not at safepoint (normal execution)

VM Mutex/Monitor currently owned by a thread: None

Heap address: 0x000000008cc00000, size: 1844 MB, Compressed Oops mode: 32-bit
CDS disabled.
Compressed class space mapped at: 0x0000000100000000-0x0000000140000000, size: 1073741824
Narrow klass base: 0x0000000000000000, Narrow klass shift: 3, Narrow klass range: 0x140000000

GC Precious Log:
 CPUs: 16 total, 16 available
 Memory: 7371M
 Large Page Support: Disabled
 NUMA Support: Disabled
 Compressed Oops: Enabled (32-bit)
 Heap Region Size: 1M
 Heap Min Capacity: 8M
 Heap Initial Capacity: 116M
 Heap Max Capacity: 1844M
 Pre-touch: Disabled
 Parallel Workers: 13
 Concurrent Workers: 3
 Concurrent Refinement Workers: 13
 Periodic GC: Disabled

Heap:
 garbage-first heap   total 118784K, used 19221K [0x000000008cc00000, 0x0000000100000000)
  region size 1024K, 18 young (18432K), 2 survivors (2048K)
 Metaspace       used 20463K, capacity 20700K, committed 21120K, reserved 1069056K
  class space    used 1732K, capacity 1799K, committed 1920K, reserved 1048576K

Heap Regions: E=young(eden), S=young(survivor), O=old, HS=humongous(starts), HC=humongous(continues), CS=collection set, F=free, OA=open archive, CA=closed archive, TAMS=top-at-mark-start (previous, next)
|   0|0x000000008cc00000, 0x000000008cd00000, 0x000000008cd00000|100%| O|  |TAMS 0x000000008cc00000, 0x000000008cc00000| Untracked 
|   1|0x000000008cd00000, 0x000000008ce00000, 0x000000008ce00000|100%| O|  |TAMS 0x000000008cd00000, 0x000000008cd00000| Untracked 
|   2|0x000000008ce00000, 0x000000008ceee800, 0x000000008cf00000| 93%| O|  |TAMS 0x000000008ce00000, 0x000000008ce00000| Untracked 
|   3|0x000000008cf00000, 0x000000008cf00000, 0x000000008d000000|  0%| F|  |TAMS 0x000000008cf00000, 0x000000008cf00000| Untracked 
|   4|0x000000008d000000, 0x000000008d000000, 0x000000008d100000|  0%| F|  |TAMS 0x000000008d000000, 0x000000008d000000| Untracked 
|   5|0x000000008d100000, 0x000000008d100000, 0x000000008d200000|  0%| F|  |TAMS 0x000000008d100000, 0x000000008d100000| Untracked 
|   6|0x000000008d200000, 0x000000008d200000, 0x000000008d300000|  0%| F|  |TAMS 0x000000008d200000, 0x000000008d200000| Untracked 
|   7|0x000000008d300000, 0x000000008d300000, 0x000000008d400000|  0%| F|  |TAMS 0x000000008d300000, 0x000000008d300000| Untracked 
|   8|0x000000008d400000, 0x000000008d400000, 0x000000008d500000|  0%| F|  |TAMS 0x000000008d400000, 0x000000008d400000| Untracked 
|   9|0x000000008d500000, 0x000000008d500000, 0x000000008d600000|  0%| F|  |TAMS 0x000000008d500000, 0x000000008d500000| Untracked 
|  10|0x000000008d600000, 0x000000008d600000, 0x000000008d700000|  0%| F|  |TAMS 0x000000008d600000, 0x000000008d600000| Untracked 
|  11|0x000000008d700000, 0x000000008d700000, 0x000000008d800000|  0%| F|  |TAMS 0x000000008d700000, 0x000000008d700000| Untracked 
|  12|0x000000008d800000, 0x000000008d800000, 0x000000008d900000|  0%| F|  |TAMS 0x000000008d800000, 0x000000008d800000| Untracked 
|  13|0x000000008d900000, 0x000000008d900000, 0x000000008da00000|  0%| F|  |TAMS 0x000000008d900000, 0x000000008d900000| Untracked 
|  14|0x000000008da00000, 0x000000008da00000, 0x000000008db00000|  0%| F|  |TAMS 0x000000008da00000, 0x000000008da00000| Untracked 
|  15|0x000000008db00000, 0x000000008db00000, 0x000000008dc00000|  0%| F|  |TAMS 0x000000008db00000, 0x000000008db00000| Untracked 
|  16|0x000000008dc00000, 0x000000008dc00000, 0x000000008dd00000|  0%| F|  |TAMS 0x000000008dc00000, 0x000000008dc00000| Untracked 
|  17|0x000000008dd00000, 0x000000008dd00000, 0x000000008de00000|  0%| F|  |TAMS 0x000000008dd00000, 0x000000008dd00000| Untracked 
|  18|0x000000008de00000, 0x000000008de00000, 0x000000008df00000|  0%| F|  |TAMS 0x000000008de00000, 0x000000008de00000| Untracked 
|  19|0x000000008df00000, 0x000000008df00000, 0x000000008e000000|  0%| F|  |TAMS 0x000000008df00000, 0x000000008df00000| Untracked 
|  20|0x000000008e000000, 0x000000008e000000, 0x000000008e100000|  0%| F|  |TAMS 0x000000008e000000, 0x000000008e000000| Untracked 
|  21|0x000000008e100000, 0x000000008e100000, 0x000000008e200000|  0%| F|  |TAMS 0x000000008e100000, 0x000000008e100000| Untracked 
|  22|0x000000008e200000, 0x000000008e200000, 0x000000008e300000|  0%| F|  |TAMS 0x000000008e200000, 0x000000008e200000| Untracked 
|  23|0x000000008e300000, 0x000000008e300000, 0x000000008e400000|  0%| F|  |TAMS 0x000000008e300000, 0x000000008e300000| Untracked 
|  24|0x000000008e400000, 0x000000008e400000, 0x000000008e500000|  0%| F|  |TAMS 0x000000008e400000, 0x000000008e400000| Untracked 
|  25|0x000000008e500000, 0x000000008e500000, 0x000000008e600000|  0%| F|  |TAMS 0x000000008e500000, 0x000000008e500000| Untracked 
|  26|0x000000008e600000, 0x000000008e600000, 0x000000008e700000|  0%| F|  |TAMS 0x000000008e600000, 0x000000008e600000| Untracked 
|  27|0x000000008e700000, 0x000000008e700000, 0x000000008e800000|  0%| F|  |TAMS 0x000000008e700000, 0x000000008e700000| Untracked 
|  28|0x000000008e800000, 0x000000008e800000, 0x000000008e900000|  0%| F|  |TAMS 0x000000008e800000, 0x000000008e800000| Untracked 
|  29|0x000000008e900000, 0x000000008e900000, 0x000000008ea00000|  0%| F|  |TAMS 0x000000008e900000, 0x000000008e900000| Untracked 
|  30|0x000000008ea00000, 0x000000008ea00000, 0x000000008eb00000|  0%| F|  |TAMS 0x000000008ea00000, 0x000000008ea00000| Untracked 
|  31|0x000000008eb00000, 0x000000008eb00000, 0x000000008ec00000|  0%| F|  |TAMS 0x000000008eb00000, 0x000000008eb00000| Untracked 
|  32|0x000000008ec00000, 0x000000008ec00000, 0x000000008ed00000|  0%| F|  |TAMS 0x000000008ec00000, 0x000000008ec00000| Untracked 
|  33|0x000000008ed00000, 0x000000008ed00000, 0x000000008ee00000|  0%| F|  |TAMS 0x000000008ed00000, 0x000000008ed00000| Untracked 
|  34|0x000000008ee00000, 0x000000008ee00000, 0x000000008ef00000|  0%| F|  |TAMS 0x000000008ee00000, 0x000000008ee00000| Untracked 
|  35|0x000000008ef00000, 0x000000008ef00000, 0x000000008f000000|  0%| F|  |TAMS 0x000000008ef00000, 0x000000008ef00000| Untracked 
|  36|0x000000008f000000, 0x000000008f000000, 0x000000008f100000|  0%| F|  |TAMS 0x000000008f000000, 0x000000008f000000| Untracked 
|  37|0x000000008f100000, 0x000000008f100000, 0x000000008f200000|  0%| F|  |TAMS 0x000000008f100000, 0x000000008f100000| Untracked 
|  38|0x000000008f200000, 0x000000008f200000, 0x000000008f300000|  0%| F|  |TAMS 0x000000008f200000, 0x000000008f200000| Untracked 
|  39|0x000000008f300000, 0x000000008f300000, 0x000000008f400000|  0%| F|  |TAMS 0x000000008f300000, 0x000000008f300000| Untracked 
|  40|0x000000008f400000, 0x000000008f400000, 0x000000008f500000|  0%| F|  |TAMS 0x000000008f400000, 0x000000008f400000| Untracked 
|  41|0x000000008f500000, 0x000000008f500000, 0x000000008f600000|  0%| F|  |TAMS 0x000000008f500000, 0x000000008f500000| Untracked 
|  42|0x000000008f600000, 0x000000008f600000, 0x000000008f700000|  0%| F|  |TAMS 0x000000008f600000, 0x000000008f600000| Untracked 
|  43|0x000000008f700000, 0x000000008f700000, 0x000000008f800000|  0%| F|  |TAMS 0x000000008f700000, 0x000000008f700000| Untracked 
|  44|0x000000008f800000, 0x000000008f800000, 0x000000008f900000|  0%| F|  |TAMS 0x000000008f800000, 0x000000008f800000| Untracked 
|  45|0x000000008f900000, 0x000000008f900000, 0x000000008fa00000|  0%| F|  |TAMS 0x000000008f900000, 0x000000008f900000| Untracked 
|  46|0x000000008fa00000, 0x000000008fa00000, 0x000000008fb00000|  0%| F|  |TAMS 0x000000008fa00000, 0x000000008fa00000| Untracked 
|  47|0x000000008fb00000, 0x000000008fbd6c90, 0x000000008fc00000| 83%| S|CS|TAMS 0x000000008fb00000, 0x000000008fb00000| Complete 
|  48|0x000000008fc00000, 0x000000008fd00000, 0x000000008fd00000|100%| S|CS|TAMS 0x000000008fc00000, 0x000000008fc00000| Complete 
|  49|0x000000008fd00000, 0x000000008fd00000, 0x000000008fe00000|  0%| F|  |TAMS 0x000000008fd00000, 0x000000008fd00000| Untracked 
|  50|0x000000008fe00000, 0x000000008fe00000, 0x000000008ff00000|  0%| F|  |TAMS 0x000000008fe00000, 0x000000008fe00000| Untracked 
|  51|0x000000008ff00000, 0x000000008ff00000, 0x0000000090000000|  0%| F|  |TAMS 0x000000008ff00000, 0x000000008ff00000| Untracked 
|  52|0x0000000090000000, 0x0000000090000000, 0x0000000090100000|  0%| F|  |TAMS 0x0000000090000000, 0x0000000090000000| Untracked 
|  53|0x0000000090100000, 0x0000000090100000, 0x0000000090200000|  0%| F|  |TAMS 0x0000000090100000, 0x0000000090100000| Untracked 
|  54|0x0000000090200000, 0x0000000090200000, 0x0000000090300000|  0%| F|  |TAMS 0x0000000090200000, 0x0000000090200000| Untracked 
|  55|0x0000000090300000, 0x0000000090300000, 0x0000000090400000|  0%| F|  |TAMS 0x0000000090300000, 0x0000000090300000| Untracked 
|  56|0x0000000090400000, 0x0000000090400000, 0x0000000090500000|  0%| F|  |TAMS 0x0000000090400000, 0x0000000090400000| Untracked 
|  57|0x0000000090500000, 0x0000000090500000, 0x0000000090600000|  0%| F|  |TAMS 0x0000000090500000, 0x0000000090500000| Untracked 
|  58|0x0000000090600000, 0x0000000090600000, 0x0000000090700000|  0%| F|  |TAMS 0x0000000090600000, 0x0000000090600000| Untracked 
|  59|0x0000000090700000, 0x0000000090700000, 0x0000000090800000|  0%| F|  |TAMS 0x0000000090700000, 0x0000000090700000| Untracked 
|  60|0x0000000090800000, 0x0000000090800000, 0x0000000090900000|  0%| F|  |TAMS 0x0000000090800000, 0x0000000090800000| Untracked 
|  61|0x0000000090900000, 0x0000000090900000, 0x0000000090a00000|  0%| F|  |TAMS 0x0000000090900000, 0x0000000090900000| Untracked 
|  62|0x0000000090a00000, 0x0000000090a00000, 0x0000000090b00000|  0%| F|  |TAMS 0x0000000090a00000, 0x0000000090a00000| Untracked 
|  63|0x0000000090b00000, 0x0000000090b00000, 0x0000000090c00000|  0%| F|  |TAMS 0x0000000090b00000, 0x0000000090b00000| Untracked 
|  64|0x0000000090c00000, 0x0000000090c00000, 0x0000000090d00000|  0%| F|  |TAMS 0x0000000090c00000, 0x0000000090c00000| Untracked 
|  65|0x0000000090d00000, 0x0000000090d00000, 0x0000000090e00000|  0%| F|  |TAMS 0x0000000090d00000, 0x0000000090d00000| Untracked 
|  66|0x0000000090e00000, 0x0000000090e00000, 0x0000000090f00000|  0%| F|  |TAMS 0x0000000090e00000, 0x0000000090e00000| Untracked 
|  67|0x0000000090f00000, 0x0000000090f00000, 0x0000000091000000|  0%| F|  |TAMS 0x0000000090f00000, 0x0000000090f00000| Untracked 
|  68|0x0000000091000000, 0x0000000091000000, 0x0000000091100000|  0%| F|  |TAMS 0x0000000091000000, 0x0000000091000000| Untracked 
|  69|0x0000000091100000, 0x0000000091100000, 0x0000000091200000|  0%| F|  |TAMS 0x0000000091100000, 0x0000000091100000| Untracked 
|  70|0x0000000091200000, 0x0000000091200000, 0x0000000091300000|  0%| F|  |TAMS 0x0000000091200000, 0x0000000091200000| Untracked 
|  71|0x0000000091300000, 0x0000000091300000, 0x0000000091400000|  0%| F|  |TAMS 0x0000000091300000, 0x0000000091300000| Untracked 
|  72|0x0000000091400000, 0x0000000091400000, 0x0000000091500000|  0%| F|  |TAMS 0x0000000091400000, 0x0000000091400000| Untracked 
|  73|0x0000000091500000, 0x0000000091500000, 0x0000000091600000|  0%| F|  |TAMS 0x0000000091500000, 0x0000000091500000| Untracked 
|  74|0x0000000091600000, 0x0000000091600000, 0x0000000091700000|  0%| F|  |TAMS 0x0000000091600000, 0x0000000091600000| Untracked 
|  75|0x0000000091700000, 0x0000000091700000, 0x0000000091800000|  0%| F|  |TAMS 0x0000000091700000, 0x0000000091700000| Untracked 
|  76|0x0000000091800000, 0x0000000091800000, 0x0000000091900000|  0%| F|  |TAMS 0x0000000091800000, 0x0000000091800000| Untracked 
|  77|0x0000000091900000, 0x0000000091900000, 0x0000000091a00000|  0%| F|  |TAMS 0x0000000091900000, 0x0000000091900000| Untracked 
|  78|0x0000000091a00000, 0x0000000091a00000, 0x0000000091b00000|  0%| F|  |TAMS 0x0000000091a00000, 0x0000000091a00000| Untracked 
|  79|0x0000000091b00000, 0x0000000091b00000, 0x0000000091c00000|  0%| F|  |TAMS 0x0000000091b00000, 0x0000000091b00000| Untracked 
|  80|0x0000000091c00000, 0x0000000091c00000, 0x0000000091d00000|  0%| F|  |TAMS 0x0000000091c00000, 0x0000000091c00000| Untracked 
|  81|0x0000000091d00000, 0x0000000091d00000, 0x0000000091e00000|  0%| F|  |TAMS 0x0000000091d00000, 0x0000000091d00000| Untracked 
|  82|0x0000000091e00000, 0x0000000091e00000, 0x0000000091f00000|  0%| F|  |TAMS 0x0000000091e00000, 0x0000000091e00000| Untracked 
|  83|0x0000000091f00000, 0x0000000091f00000, 0x0000000092000000|  0%| F|  |TAMS 0x0000000091f00000, 0x0000000091f00000| Untracked 
|  84|0x0000000092000000, 0x0000000092000000, 0x0000000092100000|  0%| F|  |TAMS 0x0000000092000000, 0x0000000092000000| Untracked 
|  85|0x0000000092100000, 0x0000000092100000, 0x0000000092200000|  0%| F|  |TAMS 0x0000000092100000, 0x0000000092100000| Untracked 
|  86|0x0000000092200000, 0x0000000092200000, 0x0000000092300000|  0%| F|  |TAMS 0x0000000092200000, 0x0000000092200000| Untracked 
|  87|0x0000000092300000, 0x0000000092300000, 0x0000000092400000|  0%| F|  |TAMS 0x0000000092300000, 0x0000000092300000| Untracked 
|  88|0x0000000092400000, 0x0000000092400000, 0x0000000092500000|  0%| F|  |TAMS 0x0000000092400000, 0x0000000092400000| Untracked 
|  89|0x0000000092500000, 0x0000000092500000, 0x0000000092600000|  0%| F|  |TAMS 0x0000000092500000, 0x0000000092500000| Untracked 
|  90|0x0000000092600000, 0x0000000092600000, 0x0000000092700000|  0%| F|  |TAMS 0x0000000092600000, 0x0000000092600000| Untracked 
|  91|0x0000000092700000, 0x0000000092700000, 0x0000000092800000|  0%| F|  |TAMS 0x0000000092700000, 0x0000000092700000| Untracked 
|  92|0x0000000092800000, 0x0000000092800000, 0x0000000092900000|  0%| F|  |TAMS 0x0000000092800000, 0x0000000092800000| Untracked 
|  93|0x0000000092900000, 0x0000000092900000, 0x0000000092a00000|  0%| F|  |TAMS 0x0000000092900000, 0x0000000092900000| Untracked 
|  94|0x0000000092a00000, 0x0000000092a00000, 0x0000000092b00000|  0%| F|  |TAMS 0x0000000092a00000, 0x0000000092a00000| Untracked 
|  95|0x0000000092b00000, 0x0000000092b00000, 0x0000000092c00000|  0%| F|  |TAMS 0x0000000092b00000, 0x0000000092b00000| Untracked 
|  96|0x0000000092c00000, 0x0000000092c00000, 0x0000000092d00000|  0%| F|  |TAMS 0x0000000092c00000, 0x0000000092c00000| Untracked 
|  97|0x0000000092d00000, 0x0000000092d00000, 0x0000000092e00000|  0%| F|  |TAMS 0x0000000092d00000, 0x0000000092d00000| Untracked 
|  98|0x0000000092e00000, 0x0000000092e00000, 0x0000000092f00000|  0%| F|  |TAMS 0x0000000092e00000, 0x0000000092e00000| Untracked 
|  99|0x0000000092f00000, 0x0000000092f00000, 0x0000000093000000|  0%| F|  |TAMS 0x0000000092f00000, 0x0000000092f00000| Untracked 
| 100|0x0000000093000000, 0x0000000093080800, 0x0000000093100000| 50%| E|  |TAMS 0x0000000093000000, 0x0000000093000000| Complete 
| 101|0x0000000093100000, 0x0000000093200000, 0x0000000093200000|100%| E|CS|TAMS 0x0000000093100000, 0x0000000093100000| Complete 
| 102|0x0000000093200000, 0x0000000093300000, 0x0000000093300000|100%| E|CS|TAMS 0x0000000093200000, 0x0000000093200000| Complete 
| 103|0x0000000093300000, 0x0000000093400000, 0x0000000093400000|100%| E|CS|TAMS 0x0000000093300000, 0x0000000093300000| Complete 
| 104|0x0000000093400000, 0x0000000093500000, 0x0000000093500000|100%| E|CS|TAMS 0x0000000093400000, 0x0000000093400000| Complete 
| 105|0x0000000093500000, 0x0000000093600000, 0x0000000093600000|100%| E|CS|TAMS 0x0000000093500000, 0x0000000093500000| Complete 
| 106|0x0000000093600000, 0x0000000093700000, 0x0000000093700000|100%| E|CS|TAMS 0x0000000093600000, 0x0000000093600000| Complete 
| 107|0x0000000093700000, 0x0000000093800000, 0x0000000093800000|100%| E|CS|TAMS 0x0000000093700000, 0x0000000093700000| Complete 
| 108|0x0000000093800000, 0x0000000093900000, 0x0000000093900000|100%| E|CS|TAMS 0x0000000093800000, 0x0000000093800000| Complete 
| 109|0x0000000093900000, 0x0000000093a00000, 0x0000000093a00000|100%| E|CS|TAMS 0x0000000093900000, 0x0000000093900000| Complete 
| 110|0x0000000093a00000, 0x0000000093b00000, 0x0000000093b00000|100%| E|CS|TAMS 0x0000000093a00000, 0x0000000093a00000| Complete 
| 111|0x0000000093b00000, 0x0000000093c00000, 0x0000000093c00000|100%| E|CS|TAMS 0x0000000093b00000, 0x0000000093b00000| Complete 
| 112|0x0000000093c00000, 0x0000000093d00000, 0x0000000093d00000|100%| E|CS|TAMS 0x0000000093c00000, 0x0000000093c00000| Complete 
| 113|0x0000000093d00000, 0x0000000093e00000, 0x0000000093e00000|100%| E|CS|TAMS 0x0000000093d00000, 0x0000000093d00000| Complete 
| 114|0x0000000093e00000, 0x0000000093f00000, 0x0000000093f00000|100%| E|  |TAMS 0x0000000093e00000, 0x0000000093e00000| Complete 
| 115|0x0000000093f00000, 0x0000000094000000, 0x0000000094000000|100%| E|CS|TAMS 0x0000000093f00000, 0x0000000093f00000| Complete 

Card table byte_map: [0x00007f9a407d4000,0x00007f9a40b6e000] _byte_map_base: 0x00007f9a4036e000

Marking Bits (Prev, Next): (CMBitMap*) 0x00007f9a5406a0c0, (CMBitMap*) 0x00007f9a5406a100
 Prev Bits: [0x00007f9a3e76a000, 0x00007f9a4043a000)
 Next Bits: [0x00007f9a3ca9a000, 0x00007f9a3e76a000)

Polling page: 0x00007f9a59fd8000

Metaspace:

Usage:
  Non-class:     18.46 MB capacity,    18.29 MB (>99%) used,   148.74 KB ( <1%) free+waste,    21.25 KB ( <1%) overhead. 
      Class:      1.76 MB capacity,     1.69 MB ( 96%) used,    60.10 KB (  3%) free+waste,     6.38 KB ( <1%) overhead. 
       Both:     20.21 MB capacity,    19.98 MB ( 99%) used,   208.84 KB (  1%) free+waste,    27.62 KB ( <1%) overhead. 

Virtual space:
  Non-class space:       20.00 MB reserved,      18.75 MB ( 94%) committed 
      Class space:        1.00 GB reserved,       1.88 MB ( <1%) committed 
             Both:        1.02 GB reserved,      20.62 MB (  2%) committed 

Chunk freelists:
   Non-Class:  171.00 KB
       Class:  25.00 KB
        Both:  196.00 KB

MaxMetaspaceSize: 17179869184.00 GB
CompressedClassSpaceSize: 1.00 GB

CodeHeap 'non-profiled nmethods': size=119168Kb used=1372Kb max_used=1372Kb free=117795Kb
 bounds [0x00007f9a491af000, 0x00007f9a4941f000, 0x00007f9a5060f000]
CodeHeap 'profiled nmethods': size=119164Kb used=4551Kb max_used=4551Kb free=114612Kb
 bounds [0x00007f9a41d50000, 0x00007f9a421d0000, 0x00007f9a491af000]
CodeHeap 'non-nmethods': size=7428Kb used=1265Kb max_used=3086Kb free=6162Kb
 bounds [0x00007f9a4160f000, 0x00007f9a4192f000, 0x00007f9a41d50000]
 total_blobs=2760 nmethods=2297 adapters=376
 compilation: enabled
              stopped_count=0, restarted_count=0
 full_count=0

Compilation events (20 events):
Event: 218.272 Thread 0x00007f9a0029e670 nmethod 2286 0x00007f9a421b6810 code [0x00007f9a421b69c0, 0x00007f9a421b6bf0]
Event: 218.273 Thread 0x00007f9a0029e670 2289       3       jdk.internal.math.FloatingDecimal$ASCIIToBinaryBuffer::floatValue (1087 bytes)
Event: 218.273 Thread 0x00007f9a541f7ef0 2290       3       parsing.Column::hashCode (123 bytes)
Event: 218.273 Thread 0x00007f9a541f7ef0 nmethod 2290 0x00007f9a421b6d10 code [0x00007f9a421b6f20, 0x00007f9a421b7510]
Event: 218.274 Thread 0x00007f9a541f7ef0 2291       3       java.io.FileOutputStream::write (20 bytes)
Event: 218.274 Thread 0x00007f9a541f7ef0 nmethod 2291 0x00007f9a421b7790 code [0x00007f9a421b7940, 0x00007f9a421b7b20]
Event: 218.274 Thread 0x00007f9a541f7ef0 2294  s    3       java.io.BufferedOutputStream::write (67 bytes)
Event: 218.275 Thread 0x00007f9a541f7ef0 nmethod 2294 0x00007f9a421b7c90 code [0x00007f9a421b7e80, 0x00007f9a421b85b0]
Event: 218.275 Thread 0x00007f9a541f7ef0 2292       3       java.nio.ByteBuffer::clear (7 bytes)
Event: 218.275 Thread 0x00007f9a541f7ef0 nmethod 2292 0x00007f9a421b8790 code [0x00007f9a421b8920, 0x00007f9a421b8a90]
Event: 218.275 Thread 0x00007f9a541f7ef0 2293       3       java.nio.Buffer::clear (20 bytes)
Event: 218.275 Thread 0x00007f9a541f7ef0 nmethod 2293 0x00007f9a421b8b10 code [0x00007f9a421b8ca0, 0x00007f9a421b8db0]
Event: 218.275 Thread 0x00007f9a541f7ef0 2295       3       java.lang.String::split (327 bytes)
Event: 218.276 Thread 0x00007f9a0029e670 nmethod 2289 0x00007f9a421b8e10 code [0x00007f9a421b9240, 0x00007f9a421bb2c0]
Event: 218.276 Thread 0x00007f9a0029e670 2297       3       java.io.BufferedOutputStream::flushBuffer (29 bytes)
Event: 218.276 Thread 0x00007f9a0029e670 nmethod 2297 0x00007f9a421bc410 code [0x00007f9a421bc5a0, 0x00007f9a421bc7c0]
Event: 218.276 Thread 0x00007f9a0029e670 2296       3       java.lang.String::split (7 bytes)
Event: 218.277 Thread 0x00007f9a0029e670 nmethod 2296 0x00007f9a421bc890 code [0x00007f9a421bca20, 0x00007f9a421bcb60]
Event: 218.277 Thread 0x00007f9a541f7ef0 nmethod 2295 0x00007f9a421bcc10 code [0x00007f9a421bd1e0, 0x00007f9a421c07b0]
Event: 218.282 Thread 0x00007f9a541f66c0 nmethod 2285 0x00007f9a49305490 code [0x00007f9a49305620, 0x00007f9a49306158]

GC Heap History (20 events):
Event: 160.211 GC heap before
{Heap before GC invocations=3 (full 0):
 garbage-first heap   total 118784K, used 72463K [0x000000008cc00000, 0x0000000100000000)
  region size 1024K, 69 young (70656K), 2 survivors (2048K)
 Metaspace       used 19519K, capacity 19719K, committed 19968K, reserved 1067008K
  class space    used 1663K, capacity 1728K, committed 1792K, reserved 1048576K
}
Event: 160.214 GC heap after
{Heap after GC invocations=4 (full 0):
 garbage-first heap   total 118784K, used 4859K [0x000000008cc00000, 0x0000000100000000)
  region size 1024K, 2 young (2048K), 2 survivors (2048K)
 Metaspace       used 19519K, capacity 19719K, committed 19968K, reserved 1067008K
  class space    used 1663K, capacity 1728K, committed 1792K, reserved 1048576K
}
Event: 160.230 GC heap before
{Heap before GC invocations=4 (full 0):
 garbage-first heap   total 118784K, used 72443K [0x000000008cc00000, 0x0000000100000000)
  region size 1024K, 69 young (70656K), 2 survivors (2048K)
 Metaspace       used 19519K, capacity 19719K, committed 19968K, reserved 1067008K
  class space    used 1663K, capacity 1728K, committed 1792K, reserved 1048576K
}
Event: 160.233 GC heap after
{Heap after GC invocations=5 (full 0):
 garbage-first heap   total 118784K, used 4696K [0x000000008cc00000, 0x0000000100000000)
  region size 1024K, 2 young (2048K), 2 survivors (2048K)
 Metaspace       used 19519K, capacity 19719K, committed 19968K, reserved 1067008K
  class space    used 1663K, capacity 1728K, committed 1792K, reserved 1048576K
}
Event: 160.247 GC heap before
{Heap before GC invocations=5 (full 0):
 garbage-first heap   total 118784K, used 72280K [0x000000008cc00000, 0x0000000100000000)
  region size 1024K, 69 young (70656K), 2 survivors (2048K)
 Metaspace       used 19519K, capacity 19719K, committed 19968K, reserved 1067008K
  class space    used 1663K, capacity 1728K, committed 1792K, reserved 1048576K
}
Event: 160.251 GC heap after
{Heap after GC invocations=6 (full 0):
 garbage-first heap   total 118784K, used 4740K [0x000000008cc00000, 0x0000000100000000)
  region size 1024K, 2 young (2048K), 2 survivors (2048K)
 Metaspace       used 19519K, capacity 19719K, committed 19968K, reserved 1067008K
  class space    used 1663K, capacity 1728K, committed 1792K, reserved 1048576K
}
Event: 160.264 GC heap before
{Heap before GC invocations=6 (full 0):
 garbage-first heap   total 118784K, used 72324K [0x000000008cc00000, 0x0000000100000000)
  region size 1024K, 69 young (70656K), 2 survivors (2048K)
 Metaspace       used 19519K, capacity 19719K, committed 19968K, reserved 1067008K
  class space    used 1663K, capacity 1728K, committed 1792K, reserved 1048576K
}
Event: 160.268 GC heap after
{Heap after GC invocations=7 (full 0):
 garbage-first heap   total 118784K, used 4918K [0x000000008cc00000, 0x0000000100000000)
  region size 1024K, 2 young (2048K), 2 survivors (2048K)
 Metaspace       used 19519K, capacity 19719K, committed 19968K, reserved 1067008K
  class space    used 1663K, capacity 1728K, committed 1792K, reserved 1048576K
}
Event: 218.169 GC heap before
{Heap before GC invocations=7 (full 0):
 garbage-first heap   total 118784K, used 72502K [0x000000008cc00000, 0x0000000100000000)
  region size 1024K, 69 young (70656K), 2 survivors (2048K)
 Metaspace       used 20406K, capacity 20636K, committed 21120K, reserved 1069056K
  class space    used 1732K, capacity 1799K, committed 1920K, reserved 1048576K
}
Event: 218.175 GC heap after
{Heap after GC invocations=8 (full 0):
 garbage-first heap   total 118784K, used 5047K [0x000000008cc00000, 0x0000000100000000)
  region size 1024K, 2 young (2048K), 2 survivors (2048K)
 Metaspace       used 20406K, capacity 20636K, committed 21120K, reserved 1069056K
  class space    used 1732K, capacity 1799K, committed 1920K, reserved 1048576K
}
Event: 218.191 GC heap before
{Heap before GC invocations=8 (full 0):
 garbage-first heap   total 118784K, used 72631K [0x000000008cc00000, 0x0000000100000000)
  region size 1024K, 69 young (70656K), 2 survivors (2048K)
 Metaspace       used 20409K, capacity 20636K, committed 21120K, reserved 1069056K
  class space    used 1732K, capacity 1799K, committed 1920K, reserved 1048576K
}
Event: 218.195 GC heap after
{Heap after GC invocations=9 (full 0):
 garbage-first heap   total 118784K, used 5024K [0x000000008cc00000, 0x0000000100000000)
  region size 1024K, 2 young (2048K), 2 survivors (2048K)
 Metaspace       used 20409K, capacity 20636K, committed 21120K, reserved 1069056K
  class space    used 1732K, capacity 1799K, committed 1920K, reserved 1048576K
}
Event: 218.208 GC heap before
{Heap before GC invocations=9 (full 0):
 garbage-first heap   total 118784K, used 72608K [0x000000008cc00000, 0x0000000100000000)
  region size 1024K, 69 young (70656K), 2 survivors (2048K)
 Metaspace       used 20409K, capacity 20636K, committed 21120K, reserved 1069056K
  class space    used 1732K, capacity 1799K, committed 1920K, reserved 1048576K
}
Event: 218.212 GC heap after
{Heap after GC invocations=10 (full 0):
 garbage-first heap   total 118784K, used 4949K [0x000000008cc00000, 0x0000000100000000)
  region size 1024K, 2 young (2048K), 2 survivors (2048K)
 Metaspace       used 20409K, capacity 20636K, committed 21120K, reserved 1069056K
  class space    used 1732K, capacity 1799K, committed 1920K, reserved 1048576K
}
Event: 218.226 GC heap before
{Heap before GC invocations=10 (full 0):
 garbage-first heap   total 118784K, used 72533K [0x000000008cc00000, 0x0000000100000000)
  region size 1024K, 69 young (70656K), 2 survivors (2048K)
 Metaspace       used 20409K, capacity 20636K, committed 21120K, reserved 1069056K
  class space    used 1732K, capacity 1799K, committed 1920K, reserved 1048576K
}
Event: 218.229 GC heap after
{Heap after GC invocations=11 (full 0):
 garbage-first heap   total 118784K, used 4964K [0x000000008cc00000, 0x0000000100000000)
  region size 1024K, 2 young (2048K), 2 survivors (2048K)
 Metaspace       used 20409K, capacity 20636K, committed 21120K, reserved 1069056K
  class space    used 1732K, capacity 1799K, committed 1920K, reserved 1048576K
}
Event: 218.243 GC heap before
{Heap before GC invocations=11 (full 0):
 garbage-first heap   total 118784K, used 72548K [0x000000008cc00000, 0x0000000100000000)
  region size 1024K, 69 young (70656K), 2 survivors (2048K)
 Metaspace       used 20409K, capacity 20636K, committed 21120K, reserved 1069056K
  class space    used 1732K, capacity 1799K, committed 1920K, reserved 1048576K
}
Event: 218.247 GC heap after
{Heap after GC invocations=12 (full 0):
 garbage-first heap   total 118784K, used 4965K [0x000000008cc00000, 0x0000000100000000)
  region size 1024K, 2 young (2048K), 2 survivors (2048K)
 Metaspace       used 20409K, capacity 20636K, committed 21120K, reserved 1069056K
  class space    used 1732K, capacity 1799K, committed 1920K, reserved 1048576K
}
Event: 218.261 GC heap before
{Heap before GC invocations=12 (full 0):
 garbage-first heap   total 118784K, used 72549K [0x000000008cc00000, 0x0000000100000000)
  region size 1024K, 69 young (70656K), 2 survivors (2048K)
 Metaspace       used 20409K, capacity 20636K, committed 21120K, reserved 1069056K
  class space    used 1732K, capacity 1799K, committed 1920K, reserved 1048576K
}
Event: 218.265 GC heap after
{Heap after GC invocations=13 (full 0):
 garbage-first heap   total 118784K, used 4885K [0x000000008cc00000, 0x0000000100000000)
  region size 1024K, 2 young (2048K), 2 survivors (2048K)
 Metaspace       used 20409K, capacity 20636K, committed 21120K, reserved 1069056K
  class space    used 1732K, capacity 1799K, committed 1920K, reserved 1048576K
}

Deoptimization events (20 events):
Event: 1.741 Thread 0x00007f9a5402aac0 Uncommon trap: trap_request=0xffffff45 fr.pc=0x00007f9a491e53ec relative=0x000000000000074c
Event: 1.741 Thread 0x00007f9a5402aac0 Uncommon trap: reason=unstable_if action=reinterpret pc=0x00007f9a491e53ec method=java.lang.AbstractStringBuilder.append(Ljava/lang/String;)Ljava/lang/AbstractStringBuilder; @ 1 c2
Event: 1.741 Thread 0x00007f9a5402aac0 DEOPT PACKING pc=0x00007f9a491e53ec sp=0x00007f9a58a8d620
Event: 1.741 Thread 0x00007f9a5402aac0 DEOPT UNPACKING pc=0x00007f9a4165d125 sp=0x00007f9a58a8d5d0 mode 2
Event: 160.168 Thread 0x00007f9a5402aac0 DEOPT PACKING pc=0x00007f9a41f6ca83 sp=0x00007f9a58a8b100
Event: 160.168 Thread 0x00007f9a5402aac0 DEOPT UNPACKING pc=0x00007f9a4165cf2b sp=0x00007f9a58a8a610 mode 0
Event: 160.276 Thread 0x00007f9a5402aac0 DEOPT PACKING pc=0x00007f9a41e1a3c9 sp=0x00007f9a58a8d030
Event: 160.276 Thread 0x00007f9a5402aac0 DEOPT UNPACKING pc=0x00007f9a4165cf2b sp=0x00007f9a58a8c588 mode 0
Event: 160.277 Thread 0x00007f9a5402aac0 Uncommon trap: trap_request=0xffffffde fr.pc=0x00007f9a4927bd64 relative=0x0000000000000344
Event: 160.277 Thread 0x00007f9a5402aac0 Uncommon trap: reason=class_check action=maybe_recompile pc=0x00007f9a4927bd64 method=java.util.regex.Matcher.search(I)Z @ 121 c2
Event: 160.277 Thread 0x00007f9a5402aac0 DEOPT PACKING pc=0x00007f9a4927bd64 sp=0x00007f9a58a8d0f0
Event: 160.277 Thread 0x00007f9a5402aac0 DEOPT UNPACKING pc=0x00007f9a4165d125 sp=0x00007f9a58a8d0c0 mode 2
Event: 160.277 Thread 0x00007f9a5402aac0 Uncommon trap: trap_request=0xffffffde fr.pc=0x00007f9a4927bd64 relative=0x0000000000000344
Event: 160.277 Thread 0x00007f9a5402aac0 Uncommon trap: reason=class_check action=maybe_recompile pc=0x00007f9a4927bd64 method=java.util.regex.Matcher.search(I)Z @ 121 c2
Event: 160.277 Thread 0x00007f9a5402aac0 DEOPT PACKING pc=0x00007f9a4927bd64 sp=0x00007f9a58a8d0f0
Event: 160.277 Thread 0x00007f9a5402aac0 DEOPT UNPACKING pc=0x00007f9a4165d125 sp=0x00007f9a58a8d0c0 mode 2
Event: 218.145 Thread 0x00007f9a5402aac0 DEOPT PACKING pc=0x00007f9a41ef3871 sp=0x00007f9a58a8cf40
Event: 218.145 Thread 0x00007f9a5402aac0 DEOPT UNPACKING pc=0x00007f9a4165cf2b sp=0x00007f9a58a8c410 mode 1
Event: 218.150 Thread 0x00007f9a5402aac0 DEOPT PACKING pc=0x00007f9a421274aa sp=0x00007f9a58a8cad0
Event: 218.150 Thread 0x00007f9a5402aac0 DEOPT UNPACKING pc=0x00007f9a4165cf2b sp=0x00007f9a58a8c088 mode 0

Classes unloaded (0 events):
No events

Classes redefined (1 events):
Event: 548.024 Thread 0x00007f9a541c0d50 redefined class name=generateConstraints.GetSolverHeaderAndFooter, count=1

Internal exceptions (20 events):
Event: 0.673 Thread 0x00007f9a5402aac0 Exception <a 'java/lang/IncompatibleClassChangeError'{0x00000000934a0c60}: Found class java.lang.Object, but interface was expected> (0x00000000934a0c60) 
thrown [open/src/hotspot/share/interpreter/linkResolver.cpp, line 848]
Event: 0.718 Thread 0x00007f9a5402aac0 Exception <a 'java/lang/NoSuchMethodError'{0x00000000933c8308}: 'int java.lang.invoke.DirectMethodHandle$Holder.invokeStaticInit(java.lang.Object, java.lang.Object)'> (0x00000000933c8308) 
thrown [open/src/hotspot/share/interpreter/linkResolver.cpp, line 781]
Event: 0.719 Thread 0x00007f9a5402aac0 Exception <a 'java/lang/NoSuchMethodError'{0x00000000933d1118}: 'void java.lang.invoke.DirectMethodHandle$Holder.invokeStatic(java.lang.Object, java.lang.Object, java.lang.Object)'> (0x00000000933d1118) 
thrown [open/src/hotspot/share/interpreter/linkResolver.cpp, line 781]
Event: 0.719 Thread 0x00007f9a5402aac0 Exception <a 'java/lang/NoSuchMethodError'{0x00000000933d4a08}: 'void java.lang.invoke.DirectMethodHandle$Holder.invokeStaticInit(java.lang.Object, java.lang.Object, java.lang.Object)'> (0x00000000933d4a08) 
thrown [open/src/hotspot/share/interpreter/linkResolver.cpp, line 781]
Event: 0.723 Thread 0x00007f9a5402aac0 Exception <a 'java/lang/NoSuchMethodError'{0x00000000933f4c30}: 'long java.lang.invoke.DirectMethodHandle$Holder.invokeStatic(java.lang.Object, java.lang.Object)'> (0x00000000933f4c30) 
thrown [open/src/hotspot/share/interpreter/linkResolver.cpp, line 781]
Event: 0.739 Thread 0x00007f9a5402aac0 Exception <a 'java/lang/NoSuchMethodError'{0x00000000932536d0}: 'int java.lang.invoke.DirectMethodHandle$Holder.invokeSpecial(java.lang.Object, java.lang.Object, java.lang.Object)'> (0x00000000932536d0) 
thrown [open/src/hotspot/share/interpreter/linkResolver.cpp, line 781]
Event: 1.224 Thread 0x00007f9a5402aac0 Implicit null exception at 0x00007f9a4922aa02 to 0x00007f9a4922b168
Event: 1.227 Thread 0x00007f9a5402aac0 Implicit null exception at 0x00007f9a49229a59 to 0x00007f9a49229f4f
Event: 1.309 Thread 0x00007f9a5402aac0 Exception <a 'java/io/FileNotFoundException'{0x000000009319bb68}> (0x000000009319bb68) 
thrown [open/src/hotspot/share/prims/jni.cpp, line 578]
Event: 1.323 Thread 0x00007f9a5402aac0 Exception <a 'java/lang/ClassNotFoundException'{0x00000000930346b0}: sun/util/logging/resources/spi/loggingProvider> (0x00000000930346b0) 
thrown [open/src/hotspot/share/classfile/systemDictionary.cpp, line 295]
Event: 1.334 Thread 0x00007f9a5402aac0 Exception <a 'java/io/FileNotFoundException'{0x0000000093065150}> (0x0000000093065150) 
thrown [open/src/hotspot/share/prims/jni.cpp, line 578]
Event: 1.741 Thread 0x00007f9a5402aac0 Implicit null exception at 0x00007f9a491e4cd7 to 0x00007f9a491e53d0
Event: 215.916 Thread 0x00007f9a5402aac0 Exception <a 'java/lang/NoSuchMethodError'{0x0000000090aaeee8}: 'java.lang.Object java.lang.invoke.DirectMethodHandle$Holder.invokeStatic(java.lang.Object, java.lang.Object, long, java.lang.Object)'> (0x0000000090aaeee8) 
thrown [open/src/hotspot/share/interpreter/linkResolver.cpp, line 781]
Event: 215.916 Thread 0x00007f9a5402aac0 Exception <a 'java/lang/NoSuchMethodError'{0x0000000090ab2b88}: 'java.lang.Object java.lang.invoke.DirectMethodHandle$Holder.invokeStaticInit(java.lang.Object, java.lang.Object, long, java.lang.Object)'> (0x0000000090ab2b88) 
thrown [open/src/hotspot/share/interpreter/linkResolver.cpp, line 781]
Event: 215.917 Thread 0x00007f9a5402aac0 Exception <a 'java/lang/NoSuchMethodError'{0x0000000090ab9710}: 'java.lang.Object java.lang.invoke.DirectMethodHandle$Holder.newInvokeSpecial(java.lang.Object, java.lang.Object, long)'> (0x0000000090ab9710) 
thrown [open/src/hotspot/share/interpreter/linkResolver.cpp, line 781]
Event: 215.918 Thread 0x00007f9a5402aac0 Exception <a 'java/lang/NoSuchMethodError'{0x0000000090abd480}: 'java.lang.Object java.lang.invoke.Invokers$Holder.linkToTargetMethod(java.lang.Object, long, java.lang.Object)'> (0x0000000090abd480) 
thrown [open/src/hotspot/share/interpreter/linkResolver.cpp, line 781]
Event: 215.921 Thread 0x00007f9a5402aac0 Exception <a 'java/lang/NoSuchMethodError'{0x0000000090ac9168}: 'java.lang.Object java.lang.invoke.DirectMethodHandle$Holder.newInvokeSpecial(java.lang.Object, java.lang.Object, java.lang.Object, int)'> (0x0000000090ac9168) 
thrown [open/src/hotspot/share/interpreter/linkResolver.cpp, line 781]
Event: 215.922 Thread 0x00007f9a5402aac0 Exception <a 'java/lang/NoSuchMethodError'{0x0000000090acd650}: 'java.lang.Object java.lang.invoke.DirectMethodHandle$Holder.invokeSpecial(java.lang.Object, java.lang.Object, java.lang.Object, java.lang.Object, int)'> (0x0000000090acd650) 
thrown [open/src/hotspot/share/interpreter/linkResolver.cpp, line 781]
Event: 215.923 Thread 0x00007f9a5402aac0 Exception <a 'java/lang/NoSuchMethodError'{0x0000000090ad1410}: 'java.lang.Object java.lang.invoke.Invokers$Holder.linkToTargetMethod(java.lang.Object, java.lang.Object, int, java.lang.Object)'> (0x0000000090ad1410) 
thrown [open/src/hotspot/share/interpreter/linkResolver.cpp, line 781]
Event: 548.174 Thread 0x00007f9a542efda0 Exception <a 'java/lang/LinkageError'{0x0000000093019858}> (0x0000000093019858) 
thrown [open/src/hotspot/share/oops/generateOopMap.cpp, line 2137]

Events (20 events):
Event: 548.128 Executing VM operation: GetFrameCount done
Event: 548.129 Executing VM operation: GetFrameCount
Event: 548.129 Executing VM operation: GetFrameCount done
Event: 548.131 Executing VM operation: GetFrameLocation
Event: 548.131 Executing VM operation: GetFrameLocation done
Event: 548.131 Executing VM operation: get/set locals
Event: 548.131 Executing VM operation: get/set locals done
Event: 548.132 Executing VM operation: GetFrameLocation
Event: 548.132 Executing VM operation: GetFrameLocation done
Event: 548.132 Executing VM operation: get/set locals
Event: 548.132 Executing VM operation: get/set locals done
Event: 548.133 Executing VM operation: GetFrameLocation
Event: 548.133 Executing VM operation: GetFrameLocation done
Event: 548.133 Executing VM operation: get/set locals
Event: 548.133 Executing VM operation: get/set locals done
Event: 548.133 Executing VM operation: GetFrameLocation
Event: 548.133 Executing VM operation: GetFrameLocation done
Event: 548.134 Executing VM operation: get/set locals
Event: 548.134 Executing VM operation: get/set locals done
Event: 548.174 Protecting memory [0x00007f9a5a008000,0x00007f9a5a009000] with protection modes 7


Dynamic libraries:
8cc00000-94000000 rw-p 00000000 00:00 0 
94000000-100000000 ---p 00000000 00:00 0 
100000000-1001e0000 rw-p 00000000 00:00 0 
1001e0000-140000000 ---p 00000000 00:00 0 
55574399d000-55574399e000 r-xp 00000000 103:07 5113996                   /home/pratyoy/Downloads/eclipse/plugins/org.eclipse.justj.openjdk.hotspot.jre.full.linux.x86_64_15.0.2.v20210201-0955/jre/bin/java
55574399f000-5557439a0000 r--p 00001000 103:07 5113996                   /home/pratyoy/Downloads/eclipse/plugins/org.eclipse.justj.openjdk.hotspot.jre.full.linux.x86_64_15.0.2.v20210201-0955/jre/bin/java
5557439a0000-5557439a1000 rw-p 00002000 103:07 5113996                   /home/pratyoy/Downloads/eclipse/plugins/org.eclipse.justj.openjdk.hotspot.jre.full.linux.x86_64_15.0.2.v20210201-0955/jre/bin/java
555745587000-5557455a8000 rw-p 00000000 00:00 0                          [heap]
7f99c8000000-7f99c8a2a000 rw-p 00000000 00:00 0 
7f99c8a2a000-7f99cc000000 ---p 00000000 00:00 0 
7f99cc000000-7f99ccdd0000 rw-p 00000000 00:00 0 
7f99ccdd0000-7f99d0000000 ---p 00000000 00:00 0 
7f99d0000000-7f99d03c8000 rw-p 00000000 00:00 0 
7f99d03c8000-7f99d4000000 ---p 00000000 00:00 0 
7f99d4000000-7f99d5034000 rw-p 00000000 00:00 0 
7f99d5034000-7f99d8000000 ---p 00000000 00:00 0 
7f99d8000000-7f99d84e6000 rw-p 00000000 00:00 0 
7f99d84e6000-7f99dc000000 ---p 00000000 00:00 0 
7f99dc000000-7f99dc021000 rw-p 00000000 00:00 0 
7f99dc021000-7f99e0000000 ---p 00000000 00:00 0 
7f99e0000000-7f99e0021000 rw-p 00000000 00:00 0 
7f99e0021000-7f99e4000000 ---p 00000000 00:00 0 
7f99e4000000-7f99e4021000 rw-p 00000000 00:00 0 
7f99e4021000-7f99e8000000 ---p 00000000 00:00 0 
7f99e8000000-7f99e8021000 rw-p 00000000 00:00 0 
7f99e8021000-7f99ec000000 ---p 00000000 00:00 0 
7f99ec000000-7f99ed6b6000 rw-p 00000000 00:00 0 
7f99ed6b6000-7f99f0000000 ---p 00000000 00:00 0 
7f99f0000000-7f99f0388000 rw-p 00000000 00:00 0 
7f99f0388000-7f99f4000000 ---p 00000000 00:00 0 
7f99f4000000-7f99f4021000 rw-p 00000000 00:00 0 
7f99f4021000-7f99f8000000 ---p 00000000 00:00 0 
7f99f8000000-7f99f8021000 rw-p 00000000 00:00 0 
7f99f8021000-7f99fc000000 ---p 00000000 00:00 0 
7f99fc000000-7f99fc675000 rw-p 00000000 00:00 0 
7f99fc675000-7f9a00000000 ---p 00000000 00:00 0 
7f9a00000000-7f9a00669000 rw-p 00000000 00:00 0 
7f9a00669000-7f9a04000000 ---p 00000000 00:00 0 
7f9a04000000-7f9a04021000 rw-p 00000000 00:00 0 
7f9a04021000-7f9a08000000 ---p 00000000 00:00 0 
7f9a08000000-7f9a08021000 rw-p 00000000 00:00 0 
7f9a08021000-7f9a0c000000 ---p 00000000 00:00 0 
7f9a0c000000-7f9a0e17d000 rw-p 00000000 00:00 0 
7f9a0e17d000-7f9a10000000 ---p 00000000 00:00 0 
7f9a10000000-7f9a10021000 rw-p 00000000 00:00 0 
7f9a10021000-7f9a14000000 ---p 00000000 00:00 0 
7f9a15a20000-7f9a15c20000 rw-p 00000000 00:00 0 
7f9a15c23000-7f9a15c27000 ---p 00000000 00:00 0 
7f9a15c27000-7f9a15d24000 rw-p 00000000 00:00 0 
7f9a15d24000-7f9a15d28000 ---p 00000000 00:00 0 
7f9a15d28000-7f9a15e25000 rw-p 00000000 00:00 0 
7f9a15e25000-7f9a15e29000 ---p 00000000 00:00 0 
7f9a15e29000-7f9a15f26000 rw-p 00000000 00:00 0 
7f9a16410000-7f9a164d0000 rw-p 00000000 00:00 0 
7f9a164d0000-7f9a16610000 ---p 00000000 00:00 0 
7f9a16613000-7f9a16617000 ---p 00000000 00:00 0 
7f9a16617000-7f9a16914000 rw-p 00000000 00:00 0 
7f9a16916000-7f9a16917000 ---p 00000000 00:00 0 
7f9a16917000-7f9a16c18000 rw-p 00000000 00:00 0 
7f9a16c1b000-7f9a16c1f000 ---p 00000000 00:00 0 
7f9a16c1f000-7f9a16f1c000 rw-p 00000000 00:00 0 
7f9a16f1e000-7f9a16f1f000 ---p 00000000 00:00 0 
7f9a16f1f000-7f9a17220000 rw-p 00000000 00:00 0 
7f9a17222000-7f9a18000000 r--p 00000000 103:07 1972788                   /usr/lib/locale/locale-archive
7f9a18000000-7f9a18021000 rw-p 00000000 00:00 0 
7f9a18021000-7f9a1c000000 ---p 00000000 00:00 0 
7f9a1c000000-7f9a1c021000 rw-p 00000000 00:00 0 
7f9a1c021000-7f9a20000000 ---p 00000000 00:00 0 
7f9a20000000-7f9a20021000 rw-p 00000000 00:00 0 
7f9a20021000-7f9a24000000 ---p 00000000 00:00 0 
7f9a24000000-7f9a24021000 rw-p 00000000 00:00 0 
7f9a24021000-7f9a28000000 ---p 00000000 00:00 0 
7f9a28000000-7f9a28021000 rw-p 00000000 00:00 0 
7f9a28021000-7f9a2c000000 ---p 00000000 00:00 0 
7f9a2c008000-7f9a2c00c000 ---p 00000000 00:00 0 
7f9a2c00c000-7f9a2c109000 rw-p 00000000 00:00 0 
7f9a2c109000-7f9a2c10d000 ---p 00000000 00:00 0 
7f9a2c10d000-7f9a2c20a000 rw-p 00000000 00:00 0 
7f9a2c20a000-7f9a2c20e000 ---p 00000000 00:00 0 
7f9a2c20e000-7f9a2c30b000 rw-p 00000000 00:00 0 
7f9a2c30b000-7f9a2c30f000 ---p 00000000 00:00 0 
7f9a2c30f000-7f9a2c40c000 rw-p 00000000 00:00 0 
7f9a2c40c000-7f9a2c410000 ---p 00000000 00:00 0 
7f9a2c410000-7f9a2c50d000 rw-p 00000000 00:00 0 
7f9a2c50d000-7f9a2c511000 ---p 00000000 00:00 0 
7f9a2c511000-7f9a2c60e000 rw-p 00000000 00:00 0 
7f9a2c60e000-7f9a2c612000 ---p 00000000 00:00 0 
7f9a2c612000-7f9a2c70f000 rw-p 00000000 00:00 0 
7f9a2c70f000-7f9a2c713000 ---p 00000000 00:00 0 
7f9a2c713000-7f9a2c810000 rw-p 00000000 00:00 0 
7f9a2c810000-7f9a2c814000 ---p 00000000 00:00 0 
7f9a2c814000-7f9a2c911000 rw-p 00000000 00:00 0 
7f9a2c911000-7f9a2c915000 ---p 00000000 00:00 0 
7f9a2c915000-7f9a2ca12000 rw-p 00000000 00:00 0 
7f9a2ca12000-7f9a2ca16000 ---p 00000000 00:00 0 
7f9a2ca16000-7f9a2cb13000 rw-p 00000000 00:00 0 
7f9a2cb13000-7f9a2cb17000 ---p 00000000 00:00 0 
7f9a2cb17000-7f9a2cc14000 rw-p 00000000 00:00 0 
7f9a2cc14000-7f9a2cc18000 ---p 00000000 00:00 0 
7f9a2cc18000-7f9a2cd15000 rw-p 00000000 00:00 0 
7f9a2cd15000-7f9a2cd19000 ---p 00000000 00:00 0 
7f9a2cd19000-7f9a2ce16000 rw-p 00000000 00:00 0 
7f9a2ce16000-7f9a2ce17000 ---p 00000000 00:00 0 
7f9a2ce17000-7f9a2d7f4000 rw-p 00000000 00:00 0 
7f9a2d7f6000-7f9a2d7f7000 ---p 00000000 00:00 0 
7f9a2d7f7000-7f9a2d8f8000 rw-p 00000000 00:00 0 
7f9a2d8f8000-7f9a2d8f9000 ---p 00000000 00:00 0 
7f9a2d8f9000-7f9a30000000 rw-p 00000000 00:00 0 
7f9a30000000-7f9a30021000 rw-p 00000000 00:00 0 
7f9a30021000-7f9a34000000 ---p 00000000 00:00 0 
7f9a34000000-7f9a34021000 rw-p 00000000 00:00 0 
7f9a34021000-7f9a38000000 ---p 00000000 00:00 0 
7f9a38000000-7f9a38021000 rw-p 00000000 00:00 0 
7f9a38021000-7f9a3c000000 ---p 00000000 00:00 0 
7f9a3c00d000-7f9a3c011000 ---p 00000000 00:00 0 
7f9a3c011000-7f9a3c02f000 rw-p 00000000 00:00 0 
7f9a3c02f000-7f9a3c034000 r-xp 00000000 103:07 5375816                   /home/pratyoy/Downloads/eclipse/plugins/org.eclipse.justj.openjdk.hotspot.jre.full.linux.x86_64_15.0.2.v20210201-0955/jre/lib/libmanagement_ext.so
7f9a3c034000-7f9a3c035000 r--p 00004000 103:07 5375816                   /home/pratyoy/Downloads/eclipse/plugins/org.eclipse.justj.openjdk.hotspot.jre.full.linux.x86_64_15.0.2.v20210201-0955/jre/lib/libmanagement_ext.so
7f9a3c035000-7f9a3c036000 rw-p 00005000 103:07 5375816                   /home/pratyoy/Downloads/eclipse/plugins/org.eclipse.justj.openjdk.hotspot.jre.full.linux.x86_64_15.0.2.v20210201-0955/jre/lib/libmanagement_ext.so
7f9a3c036000-7f9a3c03a000 r-xp 00000000 103:07 5375796                   /home/pratyoy/Downloads/eclipse/plugins/org.eclipse.justj.openjdk.hotspot.jre.full.linux.x86_64_15.0.2.v20210201-0955/jre/lib/libmanagement.so
7f9a3c03a000-7f9a3c03b000 r--p 00003000 103:07 5375796                   /home/pratyoy/Downloads/eclipse/plugins/org.eclipse.justj.openjdk.hotspot.jre.full.linux.x86_64_15.0.2.v20210201-0955/jre/lib/libmanagement.so
7f9a3c03b000-7f9a3c03c000 rw-p 00004000 103:07 5375796                   /home/pratyoy/Downloads/eclipse/plugins/org.eclipse.justj.openjdk.hotspot.jre.full.linux.x86_64_15.0.2.v20210201-0955/jre/lib/libmanagement.so
7f9a3c03c000-7f9a3c049000 r-xp 00000000 103:07 5377116                   /home/pratyoy/Downloads/eclipse/plugins/org.eclipse.justj.openjdk.hotspot.jre.full.linux.x86_64_15.0.2.v20210201-0955/jre/lib/libverify.so
7f9a3c049000-7f9a3c04b000 r--p 0000c000 103:07 5377116                   /home/pratyoy/Downloads/eclipse/plugins/org.eclipse.justj.openjdk.hotspot.jre.full.linux.x86_64_15.0.2.v20210201-0955/jre/lib/libverify.so
7f9a3c04b000-7f9a3c04c000 rw-p 0000e000 103:07 5377116                   /home/pratyoy/Downloads/eclipse/plugins/org.eclipse.justj.openjdk.hotspot.jre.full.linux.x86_64_15.0.2.v20210201-0955/jre/lib/libverify.so
7f9a3c04c000-7f9a3c794000 rw-p 00000000 00:00 0 
7f9a3c794000-7f9a3c795000 ---p 00000000 00:00 0 
7f9a3c795000-7f9a3c896000 rw-p 00000000 00:00 0 
7f9a3c896000-7f9a3c897000 ---p 00000000 00:00 0 
7f9a3c897000-7f9a3c998000 rw-p 00000000 00:00 0 
7f9a3c998000-7f9a3c999000 ---p 00000000 00:00 0 
7f9a3c999000-7f9a3cc6a000 rw-p 00000000 00:00 0 
7f9a3cc6a000-7f9a3e76a000 ---p 00000000 00:00 0 
7f9a3e76a000-7f9a3e93a000 rw-p 00000000 00:00 0 
7f9a3e93a000-7f9a4043a000 ---p 00000000 00:00 0 
7f9a4043a000-7f9a40474000 rw-p 00000000 00:00 0 
7f9a40474000-7f9a407d4000 ---p 00000000 00:00 0 
7f9a407d4000-7f9a4080e000 rw-p 00000000 00:00 0 
7f9a4080e000-7f9a40b6e000 ---p 00000000 00:00 0 
7f9a40b6e000-7f9a40ba8000 rw-p 00000000 00:00 0 
7f9a40ba8000-7f9a40f08000 ---p 00000000 00:00 0 
7f9a40f08000-7f9a4160f000 rw-p 00000000 00:00 0 
7f9a4160f000-7f9a4192f000 rwxp 00000000 00:00 0 
7f9a4192f000-7f9a41d50000 ---p 00000000 00:00 0 
7f9a41d50000-7f9a421d0000 rwxp 00000000 00:00 0 
7f9a421d0000-7f9a491af000 ---p 00000000 00:00 0 
7f9a491af000-7f9a4941f000 rwxp 00000000 00:00 0 
7f9a4941f000-7f9a5060f000 ---p 00000000 00:00 0 
7f9a5060f000-7f9a54000000 r--s 00000000 103:07 5377115                   /home/pratyoy/Downloads/eclipse/plugins/org.eclipse.justj.openjdk.hotspot.jre.full.linux.x86_64_15.0.2.v20210201-0955/jre/lib/modules
7f9a54000000-7f9a5487d000 rw-p 00000000 00:00 0 
7f9a5487d000-7f9a58000000 ---p 00000000 00:00 0 
7f9a58000000-7f9a58002000 r-xp 00000000 103:07 5377124                   /home/pratyoy/Downloads/eclipse/plugins/org.eclipse.justj.openjdk.hotspot.jre.full.linux.x86_64_15.0.2.v20210201-0955/jre/lib/libextnet.so
7f9a58002000-7f9a58003000 r--p 00001000 103:07 5377124                   /home/pratyoy/Downloads/eclipse/plugins/org.eclipse.justj.openjdk.hotspot.jre.full.linux.x86_64_15.0.2.v20210201-0955/jre/lib/libextnet.so
7f9a58003000-7f9a58004000 rw-p 00002000 103:07 5377124                   /home/pratyoy/Downloads/eclipse/plugins/org.eclipse.justj.openjdk.hotspot.jre.full.linux.x86_64_15.0.2.v20210201-0955/jre/lib/libextnet.so
7f9a58004000-7f9a58019000 r-xp 00000000 103:07 5377121                   /home/pratyoy/Downloads/eclipse/plugins/org.eclipse.justj.openjdk.hotspot.jre.full.linux.x86_64_15.0.2.v20210201-0955/jre/lib/libnet.so
7f9a58019000-7f9a5801a000 r--p 00014000 103:07 5377121                   /home/pratyoy/Downloads/eclipse/plugins/org.eclipse.justj.openjdk.hotspot.jre.full.linux.x86_64_15.0.2.v20210201-0955/jre/lib/libnet.so
7f9a5801a000-7f9a5801b000 rw-p 00015000 103:07 5377121                   /home/pratyoy/Downloads/eclipse/plugins/org.eclipse.justj.openjdk.hotspot.jre.full.linux.x86_64_15.0.2.v20210201-0955/jre/lib/libnet.so
7f9a5801b000-7f9a5802d000 r-xp 00000000 103:07 5377122                   /home/pratyoy/Downloads/eclipse/plugins/org.eclipse.justj.openjdk.hotspot.jre.full.linux.x86_64_15.0.2.v20210201-0955/jre/lib/libnio.so
7f9a5802d000-7f9a5802e000 r--p 00011000 103:07 5377122                   /home/pratyoy/Downloads/eclipse/plugins/org.eclipse.justj.openjdk.hotspot.jre.full.linux.x86_64_15.0.2.v20210201-0955/jre/lib/libnio.so
7f9a5802e000-7f9a5802f000 rw-p 00012000 103:07 5377122                   /home/pratyoy/Downloads/eclipse/plugins/org.eclipse.justj.openjdk.hotspot.jre.full.linux.x86_64_15.0.2.v20210201-0955/jre/lib/libnio.so
7f9a5802f000-7f9a58034000 r-xp 00000000 103:07 5375792                   /home/pratyoy/Downloads/eclipse/plugins/org.eclipse.justj.openjdk.hotspot.jre.full.linux.x86_64_15.0.2.v20210201-0955/jre/lib/libdt_socket.so
7f9a58034000-7f9a58035000 r--p 00004000 103:07 5375792                   /home/pratyoy/Downloads/eclipse/plugins/org.eclipse.justj.openjdk.hotspot.jre.full.linux.x86_64_15.0.2.v20210201-0955/jre/lib/libdt_socket.so
7f9a58035000-7f9a58036000 rw-p 00005000 103:07 5375792                   /home/pratyoy/Downloads/eclipse/plugins/org.eclipse.justj.openjdk.hotspot.jre.full.linux.x86_64_15.0.2.v20210201-0955/jre/lib/libdt_socket.so
7f9a58036000-7f9a5803d000 r-xp 00000000 103:07 5377119                   /home/pratyoy/Downloads/eclipse/plugins/org.eclipse.justj.openjdk.hotspot.jre.full.linux.x86_64_15.0.2.v20210201-0955/jre/lib/libzip.so
7f9a5803d000-7f9a5803e000 ---p 00007000 103:07 5377119                   /home/pratyoy/Downloads/eclipse/plugins/org.eclipse.justj.openjdk.hotspot.jre.full.linux.x86_64_15.0.2.v20210201-0955/jre/lib/libzip.so
7f9a5803e000-7f9a5803f000 r--p 00007000 103:07 5377119                   /home/pratyoy/Downloads/eclipse/plugins/org.eclipse.justj.openjdk.hotspot.jre.full.linux.x86_64_15.0.2.v20210201-0955/jre/lib/libzip.so
7f9a5803f000-7f9a58040000 rw-p 00008000 103:07 5377119                   /home/pratyoy/Downloads/eclipse/plugins/org.eclipse.justj.openjdk.hotspot.jre.full.linux.x86_64_15.0.2.v20210201-0955/jre/lib/libzip.so
7f9a58040000-7f9a586fc000 rw-p 00000000 00:00 0 
7f9a586fc000-7f9a587e0000 ---p 00000000 00:00 0 
7f9a587e0000-7f9a587e9000 rw-p 00000000 00:00 0 
7f9a587e9000-7f9a588c9000 ---p 00000000 00:00 0 
7f9a588c9000-7f9a588d0000 rw-p 00000000 00:00 0 
7f9a588d0000-7f9a588d8000 ---p 00000000 00:00 0 
7f9a588d8000-7f9a588db000 r--p 00000000 103:07 1974228                   /usr/lib/x86_64-linux-gnu/libnss_files-2.31.so
7f9a588db000-7f9a588e2000 r-xp 00003000 103:07 1974228                   /usr/lib/x86_64-linux-gnu/libnss_files-2.31.so
7f9a588e2000-7f9a588e4000 r--p 0000a000 103:07 1974228                   /usr/lib/x86_64-linux-gnu/libnss_files-2.31.so
7f9a588e4000-7f9a588e5000 r--p 0000b000 103:07 1974228                   /usr/lib/x86_64-linux-gnu/libnss_files-2.31.so
7f9a588e5000-7f9a588e6000 rw-p 0000c000 103:07 1974228                   /usr/lib/x86_64-linux-gnu/libnss_files-2.31.so
7f9a588e6000-7f9a588ec000 rw-p 00000000 00:00 0 
7f9a588ed000-7f9a588f4000 r--s 00000000 103:07 2622812                   /usr/lib/x86_64-linux-gnu/gconv/gconv-modules.cache
7f9a588f4000-7f9a588fc000 rw-s 00000000 103:07 3019068                   /tmp/hsperfdata_pratyoy/120268
7f9a588fc000-7f9a58920000 r-xp 00000000 103:07 5377118                   /home/pratyoy/Downloads/eclipse/plugins/org.eclipse.justj.openjdk.hotspot.jre.full.linux.x86_64_15.0.2.v20210201-0955/jre/lib/libjava.so
7f9a58920000-7f9a58921000 ---p 00024000 103:07 5377118                   /home/pratyoy/Downloads/eclipse/plugins/org.eclipse.justj.openjdk.hotspot.jre.full.linux.x86_64_15.0.2.v20210201-0955/jre/lib/libjava.so
7f9a58921000-7f9a58922000 r--p 00024000 103:07 5377118                   /home/pratyoy/Downloads/eclipse/plugins/org.eclipse.justj.openjdk.hotspot.jre.full.linux.x86_64_15.0.2.v20210201-0955/jre/lib/libjava.so
7f9a58922000-7f9a58923000 rw-p 00025000 103:07 5377118                   /home/pratyoy/Downloads/eclipse/plugins/org.eclipse.justj.openjdk.hotspot.jre.full.linux.x86_64_15.0.2.v20210201-0955/jre/lib/libjava.so
7f9a58923000-7f9a58924000 rw-p 00000000 00:00 0 
7f9a58924000-7f9a58961000 r-xp 00000000 103:07 5375793                   /home/pratyoy/Downloads/eclipse/plugins/org.eclipse.justj.openjdk.hotspot.jre.full.linux.x86_64_15.0.2.v20210201-0955/jre/lib/libjdwp.so
7f9a58961000-7f9a58962000 r--p 0003c000 103:07 5375793                   /home/pratyoy/Downloads/eclipse/plugins/org.eclipse.justj.openjdk.hotspot.jre.full.linux.x86_64_15.0.2.v20210201-0955/jre/lib/libjdwp.so
7f9a58962000-7f9a58963000 rw-p 0003d000 103:07 5375793                   /home/pratyoy/Downloads/eclipse/plugins/org.eclipse.justj.openjdk.hotspot.jre.full.linux.x86_64_15.0.2.v20210201-0955/jre/lib/libjdwp.so
7f9a58963000-7f9a58964000 rw-p 00000000 00:00 0 
7f9a58964000-7f9a58980000 r-xp 00000000 103:07 5377120                   /home/pratyoy/Downloads/eclipse/plugins/org.eclipse.justj.openjdk.hotspot.jre.full.linux.x86_64_15.0.2.v20210201-0955/jre/lib/libjimage.so
7f9a58980000-7f9a58982000 r--p 0001b000 103:07 5377120                   /home/pratyoy/Downloads/eclipse/plugins/org.eclipse.justj.openjdk.hotspot.jre.full.linux.x86_64_15.0.2.v20210201-0955/jre/lib/libjimage.so
7f9a58982000-7f9a58983000 rw-p 0001d000 103:07 5377120                   /home/pratyoy/Downloads/eclipse/plugins/org.eclipse.justj.openjdk.hotspot.jre.full.linux.x86_64_15.0.2.v20210201-0955/jre/lib/libjimage.so
7f9a58983000-7f9a58986000 r--p 00000000 103:07 1974430                   /usr/lib/x86_64-linux-gnu/librt-2.31.so
7f9a58986000-7f9a5898a000 r-xp 00003000 103:07 1974430                   /usr/lib/x86_64-linux-gnu/librt-2.31.so
7f9a5898a000-7f9a5898b000 r--p 00007000 103:07 1974430                   /usr/lib/x86_64-linux-gnu/librt-2.31.so
7f9a5898b000-7f9a5898c000 ---p 00008000 103:07 1974430                   /usr/lib/x86_64-linux-gnu/librt-2.31.so
7f9a5898c000-7f9a5898d000 r--p 00008000 103:07 1974430                   /usr/lib/x86_64-linux-gnu/librt-2.31.so
7f9a5898d000-7f9a5898e000 rw-p 00009000 103:07 1974430                   /usr/lib/x86_64-linux-gnu/librt-2.31.so
7f9a5898e000-7f9a58992000 ---p 00000000 00:00 0 
7f9a58992000-7f9a58a8f000 rw-p 00000000 00:00 0 
7f9a58a8f000-7f9a58a9e000 r--p 00000000 103:07 1974104                   /usr/lib/x86_64-linux-gnu/libm-2.31.so
7f9a58a9e000-7f9a58b45000 r-xp 0000f000 103:07 1974104                   /usr/lib/x86_64-linux-gnu/libm-2.31.so
7f9a58b45000-7f9a58bdc000 r--p 000b6000 103:07 1974104                   /usr/lib/x86_64-linux-gnu/libm-2.31.so
7f9a58bdc000-7f9a58bdd000 r--p 0014c000 103:07 1974104                   /usr/lib/x86_64-linux-gnu/libm-2.31.so
7f9a58bdd000-7f9a58bde000 rw-p 0014d000 103:07 1974104                   /usr/lib/x86_64-linux-gnu/libm-2.31.so
7f9a58bde000-7f9a59c25000 r-xp 00000000 103:07 5377114                   /home/pratyoy/Downloads/eclipse/plugins/org.eclipse.justj.openjdk.hotspot.jre.full.linux.x86_64_15.0.2.v20210201-0955/jre/lib/server/libjvm.so
7f9a59c25000-7f9a59c26000 ---p 01047000 103:07 5377114                   /home/pratyoy/Downloads/eclipse/plugins/org.eclipse.justj.openjdk.hotspot.jre.full.linux.x86_64_15.0.2.v20210201-0955/jre/lib/server/libjvm.so
7f9a59c26000-7f9a59cc0000 r--p 01047000 103:07 5377114                   /home/pratyoy/Downloads/eclipse/plugins/org.eclipse.justj.openjdk.hotspot.jre.full.linux.x86_64_15.0.2.v20210201-0955/jre/lib/server/libjvm.so
7f9a59cc0000-7f9a59cf7000 rw-p 010e1000 103:07 5377114                   /home/pratyoy/Downloads/eclipse/plugins/org.eclipse.justj.openjdk.hotspot.jre.full.linux.x86_64_15.0.2.v20210201-0955/jre/lib/server/libjvm.so
7f9a59cf7000-7f9a59d82000 rw-p 00000000 00:00 0 
7f9a59d82000-7f9a59da7000 r--p 00000000 103:07 1973462                   /usr/lib/x86_64-linux-gnu/libc-2.31.so
7f9a59da7000-7f9a59f1f000 r-xp 00025000 103:07 1973462                   /usr/lib/x86_64-linux-gnu/libc-2.31.so
7f9a59f1f000-7f9a59f69000 r--p 0019d000 103:07 1973462                   /usr/lib/x86_64-linux-gnu/libc-2.31.so
7f9a59f69000-7f9a59f6a000 ---p 001e7000 103:07 1973462                   /usr/lib/x86_64-linux-gnu/libc-2.31.so
7f9a59f6a000-7f9a59f6d000 r--p 001e7000 103:07 1973462                   /usr/lib/x86_64-linux-gnu/libc-2.31.so
7f9a59f6d000-7f9a59f70000 rw-p 001ea000 103:07 1973462                   /usr/lib/x86_64-linux-gnu/libc-2.31.so
7f9a59f70000-7f9a59f74000 rw-p 00000000 00:00 0 
7f9a59f74000-7f9a59f75000 r--p 00000000 103:07 1973597                   /usr/lib/x86_64-linux-gnu/libdl-2.31.so
7f9a59f75000-7f9a59f77000 r-xp 00001000 103:07 1973597                   /usr/lib/x86_64-linux-gnu/libdl-2.31.so
7f9a59f77000-7f9a59f78000 r--p 00003000 103:07 1973597                   /usr/lib/x86_64-linux-gnu/libdl-2.31.so
7f9a59f78000-7f9a59f79000 r--p 00003000 103:07 1973597                   /usr/lib/x86_64-linux-gnu/libdl-2.31.so
7f9a59f79000-7f9a59f7a000 rw-p 00004000 103:07 1973597                   /usr/lib/x86_64-linux-gnu/libdl-2.31.so
7f9a59f7a000-7f9a59f81000 r--p 00000000 103:07 1974369                   /usr/lib/x86_64-linux-gnu/libpthread-2.31.so
7f9a59f81000-7f9a59f92000 r-xp 00007000 103:07 1974369                   /usr/lib/x86_64-linux-gnu/libpthread-2.31.so
7f9a59f92000-7f9a59f97000 r--p 00018000 103:07 1974369                   /usr/lib/x86_64-linux-gnu/libpthread-2.31.so
7f9a59f97000-7f9a59f98000 r--p 0001c000 103:07 1974369                   /usr/lib/x86_64-linux-gnu/libpthread-2.31.so
7f9a59f98000-7f9a59f99000 rw-p 0001d000 103:07 1974369                   /usr/lib/x86_64-linux-gnu/libpthread-2.31.so
7f9a59f99000-7f9a59f9d000 rw-p 00000000 00:00 0 
7f9a59f9d000-7f9a59fac000 r-xp 00000000 103:07 5377117                   /home/pratyoy/Downloads/eclipse/plugins/org.eclipse.justj.openjdk.hotspot.jre.full.linux.x86_64_15.0.2.v20210201-0955/jre/lib/libjli.so
7f9a59fac000-7f9a59fad000 r--p 0000e000 103:07 5377117                   /home/pratyoy/Downloads/eclipse/plugins/org.eclipse.justj.openjdk.hotspot.jre.full.linux.x86_64_15.0.2.v20210201-0955/jre/lib/libjli.so
7f9a59fad000-7f9a59fae000 rw-p 0000f000 103:07 5377117                   /home/pratyoy/Downloads/eclipse/plugins/org.eclipse.justj.openjdk.hotspot.jre.full.linux.x86_64_15.0.2.v20210201-0955/jre/lib/libjli.so
7f9a59fae000-7f9a59fb0000 r--p 00000000 103:07 1974794                   /usr/lib/x86_64-linux-gnu/libz.so.1.2.11
7f9a59fb0000-7f9a59fc1000 r-xp 00002000 103:07 1974794                   /usr/lib/x86_64-linux-gnu/libz.so.1.2.11
7f9a59fc1000-7f9a59fc7000 r--p 00013000 103:07 1974794                   /usr/lib/x86_64-linux-gnu/libz.so.1.2.11
7f9a59fc7000-7f9a59fc8000 ---p 00019000 103:07 1974794                   /usr/lib/x86_64-linux-gnu/libz.so.1.2.11
7f9a59fc8000-7f9a59fc9000 r--p 00019000 103:07 1974794                   /usr/lib/x86_64-linux-gnu/libz.so.1.2.11
7f9a59fc9000-7f9a59fca000 rw-p 0001a000 103:07 1974794                   /usr/lib/x86_64-linux-gnu/libz.so.1.2.11
7f9a59fcc000-7f9a59fd6000 r-xp 00000000 103:07 5375813                   /home/pratyoy/Downloads/eclipse/plugins/org.eclipse.justj.openjdk.hotspot.jre.full.linux.x86_64_15.0.2.v20210201-0955/jre/lib/libinstrument.so
7f9a59fd6000-7f9a59fd7000 r--p 00009000 103:07 5375813                   /home/pratyoy/Downloads/eclipse/plugins/org.eclipse.justj.openjdk.hotspot.jre.full.linux.x86_64_15.0.2.v20210201-0955/jre/lib/libinstrument.so
7f9a59fd7000-7f9a59fd8000 rw-p 0000a000 103:07 5375813                   /home/pratyoy/Downloads/eclipse/plugins/org.eclipse.justj.openjdk.hotspot.jre.full.linux.x86_64_15.0.2.v20210201-0955/jre/lib/libinstrument.so
7f9a59fd8000-7f9a59fd9000 ---p 00000000 00:00 0 
7f9a59fd9000-7f9a59fda000 r--p 00000000 00:00 0 
7f9a59fda000-7f9a59fdc000 rw-p 00000000 00:00 0 
7f9a59fdc000-7f9a59fdd000 r--p 00000000 103:07 1973246                   /usr/lib/x86_64-linux-gnu/ld-2.31.so
7f9a59fdd000-7f9a5a000000 r-xp 00001000 103:07 1973246                   /usr/lib/x86_64-linux-gnu/ld-2.31.so
7f9a5a000000-7f9a5a008000 r--p 00024000 103:07 1973246                   /usr/lib/x86_64-linux-gnu/ld-2.31.so
7f9a5a008000-7f9a5a009000 rwxp 00000000 00:00 0 
7f9a5a009000-7f9a5a00a000 r--p 0002c000 103:07 1973246                   /usr/lib/x86_64-linux-gnu/ld-2.31.so
7f9a5a00a000-7f9a5a00b000 rw-p 0002d000 103:07 1973246                   /usr/lib/x86_64-linux-gnu/ld-2.31.so
7f9a5a00b000-7f9a5a00c000 rw-p 00000000 00:00 0 
7ffeffab6000-7ffeffad7000 rw-p 00000000 00:00 0                          [stack]
7ffeffb43000-7ffeffb47000 r--p 00000000 00:00 0                          [vvar]
7ffeffb47000-7ffeffb49000 r-xp 00000000 00:00 0                          [vdso]
ffffffffff600000-ffffffffff601000 --xp 00000000 00:00 0                  [vsyscall]


VM Arguments:
jvm_args: -XX:+ShowCodeDetailsInExceptionMessages -agentlib:jdwp=transport=dt_socket,suspend=y,address=localhost:39107 -javaagent:/home/pratyoy/Downloads/eclipse/configuration/org.eclipse.osgi/216/0/.cp/lib/javaagent-shaded.jar -Dfile.encoding=UTF-8 
java_command: test.RegressionTests
java_class_path (initial): /home/pratyoy/workspace/XData-DataGen-43af6629214e90320235b9b375420cbd3e411cff/XData_old/jars/derby-10.8.jar:/home/pratyoy/workspace/XData-DataGen-43af6629214e90320235b9b375420cbd3e411cff/XData_old/jars/ojdbc6-11.2.0.2.0.jar:/home/pratyoy/workspace/XData-DataGen-43af6629214e90320235b9b375420cbd3e411cff/XData_old/jars/postgresql-42.1.3.jre7.jar:/home/pratyoy/workspace/XData-DataGen-43af6629214e90320235b9b375420cbd3e411cff/XData_old:/home/pratyoy/workspace/XData-DataGen-43af6629214e90320235b9b375420cbd3e411cff/XData_old/jars/automaton.jar:/home/pratyoy/workspace/XData-DataGen-43af6629214e90320235b9b375420cbd3e411cff/XData_old/jars/google-collect-1.0-rc2.jar:/home/pratyoy/workspace/XData-DataGen-43af6629214e90320235b9b375420cbd3e411cff/XData_old/jars/uncommons-maths-1.2.jar:/home/pratyoy/workspace/XData-DataGen-43af6629214e90320235b9b375420cbd3e411cff/XData_old/jars/tomcat-jdbc-7.0.54.jar:/home/pratyoy/workspace/XData-DataGen-43af6629214e90320235b9b375420cbd3e411cff/XData_old/jars/tomcat-juli-7.0.54.jar:/home/pratyoy/workspace/XData-DataGen-43af6629214e90320235b9b375420cbd3e411cff/XData_old/jars/gson-2.2.4.jar:/home/pratyoy/workspace/XData-DataGen-43af6629214e90320235b9b375420cbd3e411cff/XData_old/jars/jsqlparser-0.9.7-SNAPSHOT.jar
Launcher Type: SUN_STANDARD

[Global flags]
     intx CICompilerCount                          = 12                                        {product} {ergonomic}
     uint ConcGCThreads                            = 3                                         {product} {ergonomic}
     uint G1ConcRefinementThreads                  = 13                                        {product} {ergonomic}
   size_t G1HeapRegionSize                         = 1048576                                   {product} {ergonomic}
    uintx GCDrainStackTargetSize                   = 64                                        {product} {ergonomic}
   size_t InitialHeapSize                          = 121634816                                 {product} {ergonomic}
   size_t MarkStackSize                            = 4194304                                   {product} {ergonomic}
   size_t MaxHeapSize                              = 1933574144                                {product} {ergonomic}
   size_t MaxNewSize                               = 1159725056                                {product} {ergonomic}
   size_t MinHeapDeltaBytes                        = 1048576                                   {product} {ergonomic}
   size_t MinHeapSize                              = 8388608                                   {product} {ergonomic}
    uintx NonNMethodCodeHeapSize                   = 7602480                                {pd product} {ergonomic}
    uintx NonProfiledCodeHeapSize                  = 122027880                              {pd product} {ergonomic}
    uintx ProfiledCodeHeapSize                     = 122027880                              {pd product} {ergonomic}
    uintx ReservedCodeCacheSize                    = 251658240                              {pd product} {ergonomic}
     bool SegmentedCodeCache                       = true                                      {product} {ergonomic}
     bool ShowCodeDetailsInExceptionMessages       = true                                   {manageable} {command line}
   size_t SoftMaxHeapSize                          = 1933574144                             {manageable} {ergonomic}
     bool UseCompressedClassPointers               = true                                 {lp64_product} {ergonomic}
     bool UseCompressedOops                        = true                                 {lp64_product} {ergonomic}
     bool UseG1GC                                  = true                                      {product} {ergonomic}

Logging:
Log output configuration:
 #0: stdout all=warning uptime,level,tags
 #1: stderr all=off uptime,level,tags

Environment Variables:
PATH=/usr/local/sbin:/usr/local/bin:/usr/sbin:/usr/bin:/sbin:/bin:/usr/games:/usr/local/games:/snap/bin
USERNAME=pratyoy
LD_LIBRARY_PATH=/home/pratyoy/Downloads/Z3_DIR/z3-4.8.10-x64-ubuntu-18.04/bin/
SHELL=/bin/bash
DISPLAY=:0
LANG=en_IN

Signal Handlers:
SIGSEGV: [libjvm.so+0xd64200], sa_mask[0]=11111111011111111101111111111110, sa_flags=SA_RESTART|SA_SIGINFO
SIGBUS: [libjvm.so+0xd64200], sa_mask[0]=11111111011111111101111111111110, sa_flags=SA_RESTART|SA_SIGINFO
SIGFPE: [libjvm.so+0xd64200], sa_mask[0]=11111111011111111101111111111110, sa_flags=SA_RESTART|SA_SIGINFO
SIGPIPE: [libjvm.so+0xb419c0], sa_mask[0]=11111111011111111101111111111110, sa_flags=SA_RESTART|SA_SIGINFO
SIGXFSZ: [libjvm.so+0xb419c0], sa_mask[0]=11111111011111111101111111111110, sa_flags=SA_RESTART|SA_SIGINFO
SIGILL: [libjvm.so+0xd64200], sa_mask[0]=11111111011111111101111111111110, sa_flags=SA_RESTART|SA_SIGINFO
SIGUSR2: [libjvm.so+0xb41860], sa_mask[0]=00100000000000000000000000000000, sa_flags=SA_RESTART|SA_SIGINFO
SIGHUP: [libjvm.so+0xb420d0], sa_mask[0]=11111111011111111101111111111110, sa_flags=SA_RESTART|SA_SIGINFO
SIGINT: [libjvm.so+0xb420d0], sa_mask[0]=11111111011111111101111111111110, sa_flags=SA_RESTART|SA_SIGINFO
SIGTERM: [libjvm.so+0xb420d0], sa_mask[0]=11111111011111111101111111111110, sa_flags=SA_RESTART|SA_SIGINFO
SIGQUIT: [libjvm.so+0xb420d0], sa_mask[0]=11111111011111111101111111111110, sa_flags=SA_RESTART|SA_SIGINFO


---------------  S Y S T E M  ---------------

OS:
DISTRIB_ID=Ubuntu
DISTRIB_RELEASE=20.04
DISTRIB_CODENAME=focal
DISTRIB_DESCRIPTION="Ubuntu 20.04.2 LTS"
uname: Linux 5.8.0-59-generic #66~20.04.1-Ubuntu SMP Thu Jun 17 11:14:10 UTC 2021 x86_64
OS uptime: 4 days 20:52 hours
libc: glibc 2.31 NPTL 2.31 
rlimit (soft/hard): STACK 8192k/infinity , CORE 0k/infinity , NPROC 28993/28993 , NOFILE 1048576/1048576 , AS infinity/infinity , CPU infinity/infinity , DATA infinity/infinity , FSIZE infinity/infinity , MEMLOCK 65536k/65536k
load average: 1.53 2.48 3.20

/proc/meminfo:
MemTotal:        7548488 kB
MemFree:         1731148 kB
MemAvailable:    2156284 kB
Buffers:           28708 kB
Cached:           642644 kB
SwapCached:        83412 kB
Active:          3763308 kB
Inactive:         914780 kB
Active(anon):    3377052 kB
Inactive(anon):   730968 kB
Active(file):     386256 kB
Inactive(file):   183812 kB
Unevictable:         224 kB
Mlocked:             224 kB
SwapTotal:       2097148 kB
SwapFree:         628152 kB
Dirty:                 0 kB
Writeback:             0 kB
AnonPages:       3979104 kB
Mapped:           475136 kB
Shmem:            100948 kB
KReclaimable:     146544 kB
Slab:             450604 kB
SReclaimable:     146544 kB
SUnreclaim:       304060 kB
KernelStack:       24232 kB
PageTables:        56920 kB
NFS_Unstable:          0 kB
Bounce:                0 kB
WritebackTmp:          0 kB
CommitLimit:     5871392 kB
Committed_AS:   15441544 kB
VmallocTotal:   34359738367 kB
VmallocUsed:       56948 kB
VmallocChunk:          0 kB
Percpu:            17408 kB
HardwareCorrupted:     0 kB
AnonHugePages:         0 kB
ShmemHugePages:        0 kB
ShmemPmdMapped:        0 kB
FileHugePages:         0 kB
FilePmdMapped:         0 kB
HugePages_Total:       0
HugePages_Free:        0
HugePages_Rsvd:        0
HugePages_Surp:        0
Hugepagesize:       2048 kB
Hugetlb:               0 kB
DirectMap4k:     5107392 kB
DirectMap2M:     2607104 kB
DirectMap1G:     1048576 kB

/sys/kernel/mm/transparent_hugepage/enabled: always [madvise] never
/sys/kernel/mm/transparent_hugepage/defrag (defrag/compaction efforts parameter): always defer defer+madvise [madvise] never

/proc/sys/kernel/threads-max (system-wide limit on the number of threads): 57986
/proc/sys/vm/max_map_count (maximum number of memory map areas a process may have): 65530
/proc/sys/kernel/pid_max (system-wide limit on number of process identifiers): 4194304

container (cgroup) information:
container_type: cgroupv1
cpu_cpuset_cpus: 0-15
cpu_memory_nodes: 0
active_processor_count: 16
cpu_quota: no quota
cpu_period: 100000
cpu_shares: no shares
memory_limit_in_bytes: unlimited
memory_and_swap_limit_in_bytes: unlimited
memory_soft_limit_in_bytes: unlimited
memory_usage_in_bytes: 4619448320
memory_max_usage_in_bytes: 6353256448

Steal ticks since vm start: 0
Steal ticks percentage since vm start:  0.000

CPU: total 16 (initial active 16) (16 cores per cpu, 2 threads per core) family 23 model 96 stepping 1 microcode 0x8600104, cmov, cx8, fxsr, mmx, sse, sse2, sse3, ssse3, sse4.1, sse4.2, popcnt, vzeroupper, avx, avx2, aes, clmul, 3dnowpref, lzcnt, sse4a, ht, tsc, tscinvbit, tscinv, bmi1, bmi2, adx, sha, fma, clflush, clflushopt
CPU Model and flags from /proc/cpuinfo:
model name	: AMD Ryzen 7 4800U with Radeon Graphics
flags		: fpu vme de pse tsc msr pae mce cx8 apic sep mtrr pge mca cmov pat pse36 clflush mmx fxsr sse sse2 ht syscall nx mmxext fxsr_opt pdpe1gb rdtscp lm constant_tsc rep_good nopl nonstop_tsc cpuid extd_apicid aperfmperf pni pclmulqdq monitor ssse3 fma cx16 sse4_1 sse4_2 movbe popcnt aes xsave avx f16c rdrand lahf_lm cmp_legacy svm extapic cr8_legacy abm sse4a misalignsse 3dnowprefetch osvw ibs skinit wdt tce topoext perfctr_core perfctr_nb bpext perfctr_llc mwaitx cpb cat_l3 cdp_l3 hw_pstate sme ssbd mba ibrs ibpb stibp vmmcall fsgsbase bmi1 avx2 smep bmi2 cqm rdt_a rdseed adx smap clflushopt clwb sha_ni xsaveopt xsavec xgetbv1 xsaves cqm_llc cqm_occup_llc cqm_mbm_total cqm_mbm_local clzero irperf xsaveerptr rdpru wbnoinvd arat npt lbrv svm_lock nrip_save tsc_scale vmcb_clean flushbyasid decodeassists pausefilter pfthreshold avic v_vmsave_vmload vgif umip rdpid overflow_recov succor smca

Online cpus: 0-15
Offline cpus: 
BIOS frequency limitation: 1800000
Frequency switch latency (ns): 0
Available cpu frequencies: 1800000 1700000 1400000 
Current governor: ondemand
Core performance/turbo boost: 1

Memory: 4k page, physical 7548488k(1731148k free), swap 2097148k(628152k free)

vm_info: OpenJDK 64-Bit Server VM (15.0.2+7-27) for linux-amd64 JRE (15.0.2+7-27), built on Dec  7 2020 19:54:59 by "mach5one" with gcc 9.2.0

END.
