Invalid.
Current scope level is 11.
%Satisfiable  Variable Assignment: % 
ASSERT (_reach_DEPT_NAME = _reach_DEPT_NAME);
ASSERT (ISNULL_DEPT_NAME = (LAMBDA (uf_0: DEPT_NAME): IF (uf_0 = _DEPT_uNAME__Finance) THEN FALSE ELSE IF (uf_0 = NULL_DEPT_NAME_4) THEN TRUE ELSE IF (uf_0 = _DEPT_uNAME__DEPT_uNAME_u11) THEN FALSE ELSE IF (uf_0 = _DEPT_uNAME__DEPT_uNAME_u18) THEN FALSE ELSE IF (uf_0 = _DEPT_uNAME__History) THEN FALSE ELSE IF (uf_0 = _DEPT_uNAME__DEPT_uNAME_u12) THEN FALSE ELSE IF (uf_0 = _DEPT_uNAME__DEPT_uNAME_u19) THEN FALSE ELSE IF (uf_0 = _DEPT_uNAME__Music) THEN FALSE ELSE IF (uf_0 = _DEPT_uNAME__DEPT_uNAME_u13) THEN FALSE ELSE IF (uf_0 = _DEPT_uNAME__DEPT_uNAME_u20) THEN FALSE ELSE IF (uf_0 = _DEPT_uNAME__Physics) THEN FALSE ELSE IF (uf_0 = _DEPT_uNAME__DEPT_uNAME_u14) THEN FALSE ELSE IF (uf_0 = _DEPT_uNAME__Biology) THEN FALSE ELSE IF (uf_0 = NULL_DEPT_NAME_1) THEN TRUE ELSE IF (uf_0 = _DEPT_uNAME__DEPT_uNAME_u8) THEN FALSE ELSE IF (uf_0 = _DEPT_uNAME__DEPT_uNAME_u15) THEN FALSE ELSE IF (uf_0 = _DEPT_uNAME__Comp_d_ubSci_d) THEN FALSE ELSE IF (uf_0 = NULL_DEPT_NAME_2) THEN TRUE ELSE IF (uf_0 = _DEPT_uNAME__DEPT_uNAME_u9) THEN FALSE ELSE IF (uf_0 = _DEPT_uNAME__DEPT_uNAME_u16) THEN FALSE ELSE IF (uf_0 = _DEPT_uNAME__Elec_d_ubEng_d) THEN FALSE ELSE IF (uf_0 = NULL_DEPT_NAME_3) THEN TRUE ELSE FALSE ENDIF ENDIF ENDIF ENDIF ENDIF ENDIF ENDIF ENDIF ENDIF ENDIF ENDIF ENDIF ENDIF ENDIF ENDIF ENDIF ENDIF ENDIF ENDIF ENDIF ENDIF ENDIF));
ASSERT NOT ISNULL_DEPT_NAME(_DEPT_uNAME__Biology);
ASSERT NOT ISNULL_DEPT_NAME(_DEPT_uNAME__Comp_d_ubSci_d);
ASSERT NOT ISNULL_DEPT_NAME(_DEPT_uNAME__Elec_d_ubEng_d);
ASSERT NOT ISNULL_DEPT_NAME(_DEPT_uNAME__Finance);
ASSERT NOT ISNULL_DEPT_NAME(_DEPT_uNAME__History);
ASSERT NOT ISNULL_DEPT_NAME(_DEPT_uNAME__Music);
ASSERT NOT ISNULL_DEPT_NAME(_DEPT_uNAME__Physics);
ASSERT NOT ISNULL_DEPT_NAME(_DEPT_uNAME__DEPT_uNAME_u8);
ASSERT NOT ISNULL_DEPT_NAME(_DEPT_uNAME__DEPT_uNAME_u9);
ASSERT NOT ISNULL_DEPT_NAME(_DEPT_uNAME__DEPT_uNAME_u10);
ASSERT NOT ISNULL_DEPT_NAME(_DEPT_uNAME__DEPT_uNAME_u11);
ASSERT NOT ISNULL_DEPT_NAME(_DEPT_uNAME__DEPT_uNAME_u12);
ASSERT NOT ISNULL_DEPT_NAME(_DEPT_uNAME__DEPT_uNAME_u13);
ASSERT NOT ISNULL_DEPT_NAME(_DEPT_uNAME__DEPT_uNAME_u14);
ASSERT NOT ISNULL_DEPT_NAME(_DEPT_uNAME__DEPT_uNAME_u15);
ASSERT NOT ISNULL_DEPT_NAME(_DEPT_uNAME__DEPT_uNAME_u16);
ASSERT NOT ISNULL_DEPT_NAME(_DEPT_uNAME__DEPT_uNAME_u17);
ASSERT NOT ISNULL_DEPT_NAME(_DEPT_uNAME__DEPT_uNAME_u18);
ASSERT NOT ISNULL_DEPT_NAME(_DEPT_uNAME__DEPT_uNAME_u19);
ASSERT NOT ISNULL_DEPT_NAME(_DEPT_uNAME__DEPT_uNAME_u20);
ASSERT ISNULL_DEPT_NAME(NULL_DEPT_NAME_1);
ASSERT ISNULL_DEPT_NAME(NULL_DEPT_NAME_2);
ASSERT ISNULL_DEPT_NAME(NULL_DEPT_NAME_3);
ASSERT ISNULL_DEPT_NAME(NULL_DEPT_NAME_4);
ASSERT (_reach_BUILDING = _reach_BUILDING);
ASSERT (ISNULL_BUILDING = (LAMBDA (uf_1: BUILDING): IF (uf_1 = _BUILDING__BUILDING_u5) THEN FALSE ELSE IF (uf_1 = _BUILDING__BUILDING_u12) THEN FALSE ELSE IF (uf_1 = _BUILDING__BUILDING_u19) THEN FALSE ELSE IF (uf_1 = _BUILDING__BUILDING_u6) THEN FALSE ELSE IF (uf_1 = _BUILDING__BUILDING_u13) THEN FALSE ELSE IF (uf_1 = _BUILDING__BUILDING_u20) THEN FALSE ELSE IF (uf_1 = _BUILDING__BUILDING_u7) THEN FALSE ELSE IF (uf_1 = _BUILDING__BUILDING_u14) THEN FALSE ELSE IF (uf_1 = _BUILDING__Taylor) THEN FALSE ELSE IF (uf_1 = NULL_BUILDING_1) THEN TRUE ELSE IF (uf_1 = _BUILDING__BUILDING_u8) THEN FALSE ELSE IF (uf_1 = _BUILDING__BUILDING_u15) THEN FALSE ELSE IF (uf_1 = _BUILDING__Packard) THEN FALSE ELSE IF (uf_1 = NULL_BUILDING_2) THEN TRUE ELSE IF (uf_1 = _BUILDING__BUILDING_u9) THEN FALSE ELSE IF (uf_1 = _BUILDING__BUILDING_u16) THEN FALSE ELSE IF (uf_1 = _BUILDING__Painter) THEN FALSE ELSE IF (uf_1 = NULL_BUILDING_3) THEN TRUE ELSE IF (uf_1 = _BUILDING__BUILDING_u10) THEN FALSE ELSE IF (uf_1 = _BUILDING__BUILDING_u17) THEN FALSE ELSE IF (uf_1 = _BUILDING__Watson) THEN FALSE ELSE IF (uf_1 = NULL_BUILDING_4) THEN TRUE ELSE FALSE ENDIF ENDIF ENDIF ENDIF ENDIF ENDIF ENDIF ENDIF ENDIF ENDIF ENDIF ENDIF ENDIF ENDIF ENDIF ENDIF ENDIF ENDIF ENDIF ENDIF ENDIF ENDIF));
ASSERT NOT ISNULL_BUILDING(_BUILDING__Taylor);
ASSERT NOT ISNULL_BUILDING(_BUILDING__Packard);
ASSERT NOT ISNULL_BUILDING(_BUILDING__Painter);
ASSERT NOT ISNULL_BUILDING(_BUILDING__Watson);
ASSERT NOT ISNULL_BUILDING(_BUILDING__BUILDING_u5);
ASSERT NOT ISNULL_BUILDING(_BUILDING__BUILDING_u6);
ASSERT NOT ISNULL_BUILDING(_BUILDING__BUILDING_u7);
ASSERT NOT ISNULL_BUILDING(_BUILDING__BUILDING_u8);
ASSERT NOT ISNULL_BUILDING(_BUILDING__BUILDING_u9);
ASSERT NOT ISNULL_BUILDING(_BUILDING__BUILDING_u10);
ASSERT NOT ISNULL_BUILDING(_BUILDING__BUILDING_u11);
ASSERT NOT ISNULL_BUILDING(_BUILDING__BUILDING_u12);
ASSERT NOT ISNULL_BUILDING(_BUILDING__BUILDING_u13);
ASSERT NOT ISNULL_BUILDING(_BUILDING__BUILDING_u14);
ASSERT NOT ISNULL_BUILDING(_BUILDING__BUILDING_u15);
ASSERT NOT ISNULL_BUILDING(_BUILDING__BUILDING_u16);
ASSERT NOT ISNULL_BUILDING(_BUILDING__BUILDING_u17);
ASSERT NOT ISNULL_BUILDING(_BUILDING__BUILDING_u18);
ASSERT NOT ISNULL_BUILDING(_BUILDING__BUILDING_u19);
ASSERT NOT ISNULL_BUILDING(_BUILDING__BUILDING_u20);
ASSERT ISNULL_BUILDING(NULL_BUILDING_1);
ASSERT ISNULL_BUILDING(NULL_BUILDING_2);
ASSERT ISNULL_BUILDING(NULL_BUILDING_3);
ASSERT ISNULL_BUILDING(NULL_BUILDING_4);
ASSERT (ISNULL_BUDGET = (LAMBDA (uf_2: SUBTYPE((LAMBDA (x: REAL): (((x >= (500000 / 10)) AND (x <= (1200000 / 10))) OR ((x > -100000) AND (x < -99995)))))): IF (uf_2 = -99996) THEN TRUE ELSE IF (uf_2 = -99997) THEN TRUE ELSE IF (uf_2 = -99998) THEN TRUE ELSE IF (uf_2 = -99999) THEN TRUE ELSE FALSE ENDIF ENDIF ENDIF ENDIF));
ASSERT ISNULL_BUDGET(-99996);
ASSERT ISNULL_BUDGET(-99997);
ASSERT ISNULL_BUDGET(-99998);
ASSERT ISNULL_BUDGET(-99999);
ASSERT (O_DEPARTMENT = (ARRAY (arr_var: INT): (_DEPT_uNAME__Biology, _BUILDING__Taylor, -399999/4)));
ASSERT (O_DEPARTMENT[1] = (_DEPT_uNAME__Biology, _BUILDING__Taylor, -399999/4));
ASSERT NOT ISNULL_BUDGET(-399999/4);
